#
# A fatal error has been detected by the Java Runtime Environment:
#
#  SIGSEGV (0xb) at pc=0x0000000000002196, pid=5093, tid=140561821173504
#
# JRE version: 7.0_25-b15
# Java VM: Java HotSpot(TM) 64-Bit Server VM (23.25-b01 mixed mode linux-amd64 compressed oops)
# Problematic frame:
# C  0x0000000000002196
[error occurred during error reporting (printing problematic frame), id 0xb]

# Failed to write core dump. Core dumps have been disabled. To enable core dumping, try "ulimit -c unlimited" before starting Java again
#
# If you would like to submit a bug report, please visit:
#   http://bugreport.sun.com/bugreport/crash.jsp
# The crash happened outside the Java Virtual Machine in native code.
# See problematic frame for where to report the bug.
#

---------------  T H R E A D  ---------------

Current thread (0x00007fd6d403f800):  JavaThread "Thread-2" [_thread_in_native, id=5120, stack(0x00007fd718eb8000,0x00007fd7196b9000)]

siginfo:si_signo=SIGSEGV: si_errno=0, si_code=1 (SEGV_MAPERR), si_addr=0x0000000000002196

Registers:
RAX=0x0000000000000020, RBX=0x00007fd6d402cdb0, RCX=0x0000000000000008, RDX=0x00007fd6d402cda4
RSP=0x00007fd7196b7d18, RBP=0x00007fd6d402cdb0, RSI=0x00007fd6d402cdb0, RDI=0x00007fd6d402cdb0
R8 =0x00007fd6d402cda4, R9 =0x00007fd719f49620, R10=0x00007fd6d441a3e0, R11=0x00007fd7338de4d0
R12=0x0000000000000020, R13=0x0000000000000020, R14=0x00007fd6d402cd98, R15=0x0000000000000008
RIP=0x0000000000002196, EFLAGS=0x0000000000010246, CSGSFS=0x0000000000000033, ERR=0x0000000000000014
  TRAPNO=0x000000000000000e

Top of Stack: (sp=0x00007fd7196b7d18)
0x00007fd7196b7d18:   00007fd719f49656 00007fd6d4036f90
0x00007fd7196b7d28:   00007fd6d4035f40 0000000000000001
0x00007fd7196b7d38:   ffffffffffffffff 0000000000000000
0x00007fd7196b7d48:   00007fd6d4035f00 0000000000000000
0x00007fd7196b7d58:   00007fd6d4035f18 0000000000000000
0x00007fd7196b7d68:   00007fd6d402cd70 00007fd6d4035f00
0x00007fd7196b7d78:   00007fd71bbde7ec 0000000000000000
0x00007fd7196b7d88:   00007fd6d402a370 00007fd6d4003c60
0x00007fd7196b7d98:   00007fd7196b7e50 00007fd6d402cdb0
0x00007fd7196b7da8:   0000000000000020 0000000000000020
0x00007fd7196b7db8:   00007fd6d402cd98 0000000000000008
0x00007fd7196b7dc8:   00007fd7200018c3 0000000000000060
0x00007fd7196b7dd8:   00007fd6d402a370 00007fd6d402cda4
0x00007fd7196b7de8:   00007fd6d402c1b0 00007fd719f49620
0x00007fd7196b7df8:   00007fd6d402a370 0000000000000003
0x00007fd7196b7e08:   00007fd6d402a370 00007fd6d402c1b0
0x00007fd7196b7e18:   0000000000000000 00007fd719f49620
0x00007fd7196b7e28:   00007fd6d402cd90 0000000000000003
0x00007fd7196b7e38:   00007fd7200029bf 0000000000000000
0x00007fd7196b7e48:   00007fd734167235 00000008000c0001
0x00007fd7196b7e58:   0000000000000000 0000000000b1bed7
0x00007fd7196b7e68:   0000000800010100 00007fd6d402a370
0x00007fd7196b7e78:   00007fd6e01cd2c0 00007fd733f46801
0x00007fd7196b7e88:   00007fd720e9dc40 00007fd7196b7eb0
0x00007fd7196b7e98:   00007fd719f495c3 00007fd6d402c550
0x00007fd7196b7ea8:   0000000000000003 00007fd6d403f9d8
0x00007fd7196b7eb8:   000000010000000d 0000000000000000
0x00007fd7196b7ec8:   0000000000000000 00007fd733f46880
0x00007fd7196b7ed8:   00007fd7196b89c0 0000000000000000
0x00007fd7196b7ee8:   00007fd733f3ce9a 0000000000000000
0x00007fd7196b7ef8:   00007fd7196b8700 0000000000000000
0x00007fd7196b7f08:   0000000000000000 0000000000000000 

Instructions: (pc=0x0000000000002196)
0x0000000000002176:   
[error occurred during error reporting (printing registers, top of stack, instructions near pc), id 0xb]

Register to memory mapping:

RAX=0x0000000000000020 is an unknown value
RBX=0x00007fd6d402cdb0 is an unknown value
RCX=0x0000000000000008 is an unknown value
RDX=0x00007fd6d402cda4 is an unknown value
RSP=0x00007fd7196b7d18 is pointing into the stack for thread: 0x00007fd6d403f800
RBP=0x00007fd6d402cdb0 is an unknown value
RSI=0x00007fd6d402cdb0 is an unknown value
RDI=0x00007fd6d402cdb0 is an unknown value
R8 =0x00007fd6d402cda4 is an unknown value
R9 =
[error occurred during error reporting (printing register info), id 0xb]

Stack: [0x00007fd718eb8000,0x00007fd7196b9000],  sp=0x00007fd7196b7d18,  free space=8191k
Native frames: (J=compiled Java code, j=interpreted, Vv=VM code, C=native code)
C  0x0000000000002196
[error occurred during error reporting (printing native stack), id 0xb]


---------------  P R O C E S S  ---------------

Java Threads: ( => current thread )
  0x00007fd6e01df000 JavaThread "Timer-4" [_thread_blocked, id=5385, stack(0x00007fd71897a000,0x00007fd718a7b000)]
  0x00007fd6e01de000 JavaThread "Timer-3" [_thread_blocked, id=5244, stack(0x00007fd718cb6000,0x00007fd718db7000)]
  0x00007fd6e01dc800 JavaThread "Timer-2" [_thread_blocked, id=5190, stack(0x00007fd718db7000,0x00007fd718eb8000)]
  0x00007fd6e01ce000 JavaThread "Thread-4" [_thread_blocked, id=5121, stack(0x00007fd71aeb5000,0x00007fd71afb6000)]
=>0x00007fd6d403f800 JavaThread "Thread-2" [_thread_in_native, id=5120, stack(0x00007fd718eb8000,0x00007fd7196b9000)]
  0x00007fd6e00b6000 JavaThread "TimerQueue" daemon [_thread_blocked, id=5114, stack(0x00007fd71a39a000,0x00007fd71a49b000)]
  0x00007fd72c00a000 JavaThread "DestroyJavaVM" [_thread_blocked, id=5094, stack(0x00007fd73424d000,0x00007fd73434e000)]
  0x00007fd72c2c6800 JavaThread "Thread-1" daemon [_thread_blocked, id=5113, stack(0x00007fd71adb4000,0x00007fd71aeb5000)]
  0x00007fd72c2bd000 JavaThread "AWT-EventQueue-0" [_thread_blocked, id=5111, stack(0x00007fd71afb6000,0x00007fd71b0b7000)]
  0x00007fd72c2b9800 JavaThread "AWT-Shutdown" [_thread_blocked, id=5110, stack(0x00007fd71b0b7000,0x00007fd71b1b8000)]
  0x00007fd72c26e800 JavaThread "AWT-XAWT" daemon [_thread_in_native, id=5109, stack(0x00007fd71b1b8000,0x00007fd71b2b9000)]
  0x00007fd72c242800 JavaThread "Java2D Disposer" daemon [_thread_blocked, id=5108, stack(0x00007fd71b6c9000,0x00007fd71b7ca000)]
  0x00007fd72c18f000 JavaThread "Monitor Ctrl-Break" daemon [_thread_in_native, id=5107, stack(0x00007fd7210e5000,0x00007fd7211e6000)]
  0x00007fd72c0f2800 JavaThread "Service Thread" daemon [_thread_blocked, id=5105, stack(0x00007fd7214e9000,0x00007fd7215ea000)]
  0x00007fd72c0f0000 JavaThread "C2 CompilerThread1" daemon [_thread_blocked, id=5104, stack(0x00007fd7215ea000,0x00007fd7216eb000)]
  0x00007fd72c0ed000 JavaThread "C2 CompilerThread0" daemon [_thread_blocked, id=5103, stack(0x00007fd7216eb000,0x00007fd7217ec000)]
  0x00007fd72c0eb000 JavaThread "Signal Dispatcher" daemon [_thread_blocked, id=5102, stack(0x00007fd7280e4000,0x00007fd7281e5000)]
  0x00007fd72c09d000 JavaThread "Finalizer" daemon [_thread_blocked, id=5101, stack(0x00007fd7289fa000,0x00007fd728afb000)]
  0x00007fd72c09b000 JavaThread "Reference Handler" daemon [_thread_blocked, id=5100, stack(0x00007fd728afb000,0x00007fd728bfc000)]

Other Threads:
  0x00007fd72c093000 VMThread [stack: 0x00007fd728bfc000,0x00007fd728cfd000] [id=5099]
  0x00007fd72c105000 WatcherThread [stack: 0x00007fd7213e8000,0x00007fd7214e9000] [id=5106]

VM state:not at safepoint (normal execution)

VM Mutex/Monitor currently owned by a thread: None

Heap
 PSYoungGen      total 17600K, used 10272K [0x00000000ec560000, 0x00000000ed900000, 0x0000000100000000)
  eden space 15104K, 68% used [0x00000000ec560000,0x00000000ecf680b0,0x00000000ed420000)
  from space 2496K, 0% used [0x00000000ed690000,0x00000000ed690000,0x00000000ed900000)
  to   space 2496K, 0% used [0x00000000ed420000,0x00000000ed420000,0x00000000ed690000)
 ParOldGen       total 42048K, used 8901K [0x00000000c5000000, 0x00000000c7910000, 0x00000000ec560000)
  object space 42048K, 21% used [0x00000000c5000000,0x00000000c58b15d8,0x00000000c7910000)
 PSPermGen       total 40256K, used 20014K [0x00000000bfe00000, 0x00000000c2550000, 0x00000000c5000000)
  object space 40256K, 49% used [0x00000000bfe00000,0x00000000c118b958,0x00000000c2550000)

Card table byte_map: [0x00007fd7314a5000,0x00007fd7316a7000] byte_map_base: 0x00007fd730ea6000

Polling page: 0x00007fd734371000

Code Cache  [0x00007fd729000000, 0x00007fd729270000, 0x00007fd72c000000)
 total_blobs=681 nmethods=155 adapters=478 free_code_cache=48276Kb largest_free_block=49409024

Compilation events (10 events):
Event: 1579.202 Thread 0x00007fd72c0ed000  150             javax.swing.JComponent::contains (27 bytes)
Event: 1579.203 Thread 0x00007fd72c0ed000 nmethod 150 0x00007fd7290d1010 code [0x00007fd7290d1140, 0x00007fd7290d11d8]
Event: 1579.533 Thread 0x00007fd72c0f0000    5 %           java.util.TreeMap::getEntry @ 35 (84 bytes)
Event: 1579.537 Thread 0x00007fd72c0f0000 nmethod 5% 0x00007fd7290d0b90 code [0x00007fd7290d0ce0, 0x00007fd7290d0e98]
Event: 1579.537 Thread 0x00007fd72c0f0000  151             java.util.TreeMap::getEntry (84 bytes)
Event: 1579.541 Thread 0x00007fd72c0f0000 nmethod 151 0x00007fd7290df710 code [0x00007fd7290df880, 0x00007fd7290df9e8]
Event: 1609.450 Thread 0x00007fd72c0ed000  152             sun.awt.X11.Native::getLong (25 bytes)
Event: 1609.451 Thread 0x00007fd72c0ed000 nmethod 152 0x00007fd7290d0910 code [0x00007fd7290d0a60, 0x00007fd7290d0af8]
Event: 1645.805 Thread 0x00007fd72c0f0000  153             java.util.ArrayList::access$100 (5 bytes)
Event: 1645.806 Thread 0x00007fd72c0f0000 nmethod 153 0x00007fd7290df510 code [0x00007fd7290df640, 0x00007fd7290df698]

GC Heap History (10 events):
Event: 7.137 GC heap before
{Heap before GC invocations=1 (full 0):
 PSYoungGen      total 17600K, used 15104K [0x00000000ec560000, 0x00000000ed900000, 0x0000000100000000)
  eden space 15104K, 100% used [0x00000000ec560000,0x00000000ed420000,0x00000000ed420000)
  from space 2496K, 0% used [0x00000000ed690000,0x00000000ed690000,0x00000000ed900000)
  to   space 2496K, 0% used [0x00000000ed420000,0x00000000ed420000,0x00000000ed690000)
 ParOldGen       total 40320K, used 0K [0x00000000c5000000, 0x00000000c7760000, 0x00000000ec560000)
  object space 40320K, 0% used [0x00000000c5000000,0x00000000c5000000,0x00000000c7760000)
 PSPermGen       total 21248K, used 14586K [0x00000000bfe00000, 0x00000000c12c0000, 0x00000000c5000000)
  object space 21248K, 68% used [0x00000000bfe00000,0x00000000c0c3ebb8,0x00000000c12c0000)
Event: 7.146 GC heap after
Heap after GC invocations=1 (full 0):
 PSYoungGen      total 17600K, used 2496K [0x00000000ec560000, 0x00000000ed900000, 0x0000000100000000)
  eden space 15104K, 0% used [0x00000000ec560000,0x00000000ec560000,0x00000000ed420000)
  from space 2496K, 100% used [0x00000000ed420000,0x00000000ed690000,0x00000000ed690000)
  to   space 2496K, 0% used [0x00000000ed690000,0x00000000ed690000,0x00000000ed900000)
 ParOldGen       total 40320K, used 1091K [0x00000000c5000000, 0x00000000c7760000, 0x00000000ec560000)
  object space 40320K, 2% used [0x00000000c5000000,0x00000000c5110e50,0x00000000c7760000)
 PSPermGen       total 21248K, used 14586K [0x00000000bfe00000, 0x00000000c12c0000, 0x00000000c5000000)
  object space 21248K, 68% used [0x00000000bfe00000,0x00000000c0c3ebb8,0x00000000c12c0000)
}
Event: 313.689 GC heap before
{Heap before GC invocations=2 (full 0):
 PSYoungGen      total 17600K, used 17600K [0x00000000ec560000, 0x00000000ed900000, 0x0000000100000000)
  eden space 15104K, 100% used [0x00000000ec560000,0x00000000ed420000,0x00000000ed420000)
  from space 2496K, 100% used [0x00000000ed420000,0x00000000ed690000,0x00000000ed690000)
  to   space 2496K, 0% used [0x00000000ed690000,0x00000000ed690000,0x00000000ed900000)
 ParOldGen       total 40320K, used 1091K [0x00000000c5000000, 0x00000000c7760000, 0x00000000ec560000)
  object space 40320K, 2% used [0x00000000c5000000,0x00000000c5110e50,0x00000000c7760000)
 PSPermGen       total 21248K, used 19326K [0x00000000bfe00000, 0x00000000c12c0000, 0x00000000c5000000)
  object space 21248K, 90% used [0x00000000bfe00000,0x00000000c10dfb50,0x00000000c12c0000)
Event: 313.704 GC heap after
Heap after GC invocations=2 (full 0):
 PSYoungGen      total 17600K, used 2465K [0x00000000ec560000, 0x00000000ed900000, 0x0000000100000000)
  eden space 15104K, 0% used [0x00000000ec560000,0x00000000ec560000,0x00000000ed420000)
  from space 2496K, 98% used [0x00000000ed690000,0x00000000ed8f8540,0x00000000ed900000)
  to   space 2496K, 0% used [0x00000000ed420000,0x00000000ed420000,0x00000000ed690000)
 ParOldGen       total 40320K, used 3307K [0x00000000c5000000, 0x00000000c7760000, 0x00000000ec560000)
  object space 40320K, 8% used [0x00000000c5000000,0x00000000c533af98,0x00000000c7760000)
 PSPermGen       total 21248K, used 19326K [0x00000000bfe00000, 0x00000000c12c0000, 0x00000000c5000000)
  object space 21248K, 90% used [0x00000000bfe00000,0x00000000c10dfb50,0x00000000c12c0000)
}
Event: 610.743 GC heap before
{Heap before GC invocations=3 (full 0):
 PSYoungGen      total 17600K, used 17569K [0x00000000ec560000, 0x00000000ed900000, 0x0000000100000000)
  eden space 15104K, 100% used [0x00000000ec560000,0x00000000ed420000,0x00000000ed420000)
  from space 2496K, 98% used [0x00000000ed690000,0x00000000ed8f8540,0x00000000ed900000)
  to   space 2496K, 0% used [0x00000000ed420000,0x00000000ed420000,0x00000000ed690000)
 ParOldGen       total 40320K, used 3307K [0x00000000c5000000, 0x00000000c7760000, 0x00000000ec560000)
  object space 40320K, 8% used [0x00000000c5000000,0x00000000c533af98,0x00000000c7760000)
 PSPermGen       total 21248K, used 19911K [0x00000000bfe00000, 0x00000000c12c0000, 0x00000000c5000000)
  object space 21248K, 93% used [0x00000000bfe00000,0x00000000c1171da0,0x00000000c12c0000)
Event: 610.752 GC heap after
Heap after GC invocations=3 (full 0):
 PSYoungGen      total 17600K, used 2465K [0x00000000ec560000, 0x00000000ed900000, 0x0000000100000000)
  eden space 15104K, 0% used [0x00000000ec560000,0x00000000ec560000,0x00000000ed420000)
  from space 2496K, 98% used [0x00000000ed420000,0x00000000ed688540,0x00000000ed690000)
  to   space 2496K, 0% used [0x00000000ed690000,0x00000000ed690000,0x00000000ed900000)
 ParOldGen       total 40320K, used 11703K [0x00000000c5000000, 0x00000000c7760000, 0x00000000ec560000)
  object space 40320K, 29% used [0x00000000c5000000,0x00000000c5b6dfb8,0x00000000c7760000)
 PSPermGen       total 21248K, used 19911K [0x00000000bfe00000, 0x00000000c12c0000, 0x00000000c5000000)
  object space 21248K, 93% used [0x00000000bfe00000,0x00000000c1171da0,0x00000000c12c0000)
}
Event: 1211.753 GC heap before
{Heap before GC invocations=4 (full 0):
 PSYoungGen      total 17600K, used 17567K [0x00000000ec560000, 0x00000000ed900000, 0x0000000100000000)
  eden space 15104K, 99% used [0x00000000ec560000,0x00000000ed41f848,0x00000000ed420000)
  from space 2496K, 98% used [0x00000000ed420000,0x00000000ed688540,0x00000000ed690000)
  to   space 2496K, 0% used [0x00000000ed690000,0x00000000ed690000,0x00000000ed900000)
 ParOldGen       total 40320K, used 11703K [0x00000000c5000000, 0x00000000c7760000, 0x00000000ec560000)
  object space 40320K, 29% used [0x00000000c5000000,0x00000000c5b6dfb8,0x00000000c7760000)
 PSPermGen       total 21248K, used 19987K [0x00000000bfe00000, 0x00000000c12c0000, 0x00000000c5000000)
  object space 21248K, 94% used [0x00000000bfe00000,0x00000000c1184d90,0x00000000c12c0000)
Event: 1211.764 GC heap after
Heap after GC invocations=4 (full 0):
 PSYoungGen      total 17600K, used 2467K [0x00000000ec560000, 0x00000000ed900000, 0x0000000100000000)
  eden space 15104K, 0% used [0x00000000ec560000,0x00000000ec560000,0x00000000ed420000)
  from space 2496K, 98% used [0x00000000ed690000,0x00000000ed8f8d50,0x00000000ed900000)
  to   space 2496K, 0% used [0x00000000ed420000,0x00000000ed420000,0x00000000ed690000)
 ParOldGen       total 40320K, used 28315K [0x00000000c5000000, 0x00000000c7760000, 0x00000000ec560000)
  object space 40320K, 70% used [0x00000000c5000000,0x00000000c6ba6de8,0x00000000c7760000)
 PSPermGen       total 21248K, used 19987K [0x00000000bfe00000, 0x00000000c12c0000, 0x00000000c5000000)
  object space 21248K, 94% used [0x00000000bfe00000,0x00000000c1184d90,0x00000000c12c0000)
}
Event: 1211.764 GC heap before
{Heap before GC invocations=5 (full 1):
 PSYoungGen      total 17600K, used 2467K [0x00000000ec560000, 0x00000000ed900000, 0x0000000100000000)
  eden space 15104K, 0% used [0x00000000ec560000,0x00000000ec560000,0x00000000ed420000)
  from space 2496K, 98% used [0x00000000ed690000,0x00000000ed8f8d50,0x00000000ed900000)
  to   space 2496K, 0% used [0x00000000ed420000,0x00000000ed420000,0x00000000ed690000)
 ParOldGen       total 40320K, used 28315K [0x00000000c5000000, 0x00000000c7760000, 0x00000000ec560000)
  object space 40320K, 70% used [0x00000000c5000000,0x00000000c6ba6de8,0x00000000c7760000)
 PSPermGen       total 21248K, used 19987K [0x00000000bfe00000, 0x00000000c12c0000, 0x00000000c5000000)
  object space 21248K, 94% used [0x00000000bfe00000,0x00000000c1184d90,0x00000000c12c0000)
Event: 1211.808 GC heap after
Heap after GC invocations=5 (full 1):
 PSYoungGen      total 17600K, used 0K [0x00000000ec560000, 0x00000000ed900000, 0x0000000100000000)
  eden space 15104K, 0% used [0x00000000ec560000,0x00000000ec560000,0x00000000ed420000)
  from space 2496K, 0% used [0x00000000ed690000,0x00000000ed690000,0x00000000ed900000)
  to   space 2496K, 0% used [0x00000000ed420000,0x00000000ed420000,0x00000000ed690000)
 ParOldGen       total 42048K, used 8901K [0x00000000c5000000, 0x00000000c7910000, 0x00000000ec560000)
  object space 42048K, 21% used [0x00000000c5000000,0x00000000c58b15d8,0x00000000c7910000)
 PSPermGen       total 40256K, used 19964K [0x00000000bfe00000, 0x00000000c2550000, 0x00000000c5000000)
  object space 40256K, 49% used [0x00000000bfe00000,0x00000000c117f290,0x00000000c2550000)
}

Deoptimization events (10 events):
Event: 0.547 Thread 0x00007fd72c00a000 Uncommon trap -34 fr.pc 0x00007fd729081060
Event: 8.242 Thread 0x00007fd72c2bd000 Uncommon trap -83 fr.pc 0x00007fd7290bfd74
Event: 79.182 Thread 0x00007fd6d403f800 Uncommon trap -42 fr.pc 0x00007fd7290ca700
Event: 79.269 Thread 0x00007fd6d403f800 Uncommon trap -42 fr.pc 0x00007fd7290ca700
Event: 79.269 Thread 0x00007fd6d403f800 Uncommon trap -42 fr.pc 0x00007fd7290ca700
Event: 79.286 Thread 0x00007fd6d403f800 Uncommon trap -42 fr.pc 0x00007fd7290ca700
Event: 106.200 Thread 0x00007fd6d403f800 Uncommon trap -12 fr.pc 0x00007fd7290878f0
Event: 610.664 Thread 0x00007fd6e01ce000 Uncommon trap -28 fr.pc 0x00007fd7290d3818
Event: 611.010 Thread 0x00007fd6e01ce000 Uncommon trap -83 fr.pc 0x00007fd7290c9f74
Event: 1212.196 Thread 0x00007fd6e01ce000 Uncommon trap -83 fr.pc 0x00007fd7290d9218

Internal exceptions (10 events):
Event: 611.112 Thread 0x00007fd6e01ce000 Threw 0x00000000ec96bea8 at /HUDSON/workspace/jdk7u25-2-build-linux-amd64-product/jdk7u25/hotspot/src/share/vm/prims/jvm.cpp:1235
Event: 611.114 Thread 0x00007fd6e01ce000 Threw 0x00000000ec974930 at /HUDSON/workspace/jdk7u25-2-build-linux-amd64-product/jdk7u25/hotspot/src/share/vm/prims/jvm.cpp:1235
Event: 611.115 Thread 0x00007fd6e01ce000 Threw 0x00000000ec979780 at /HUDSON/workspace/jdk7u25-2-build-linux-amd64-product/jdk7u25/hotspot/src/share/vm/prims/jvm.cpp:1235
Event: 611.116 Thread 0x00007fd6e01ce000 Threw 0x00000000ec97f2c8 at /HUDSON/workspace/jdk7u25-2-build-linux-amd64-product/jdk7u25/hotspot/src/share/vm/prims/jvm.cpp:1235
Event: 611.117 Thread 0x00007fd6e01ce000 Threw 0x00000000ec986498 at /HUDSON/workspace/jdk7u25-2-build-linux-amd64-product/jdk7u25/hotspot/src/share/vm/prims/jvm.cpp:1235
Event: 611.119 Thread 0x00007fd6e01ce000 Threw 0x00000000ec98b358 at /HUDSON/workspace/jdk7u25-2-build-linux-amd64-product/jdk7u25/hotspot/src/share/vm/prims/jvm.cpp:1235
Event: 611.120 Thread 0x00007fd6e01ce000 Threw 0x00000000ec995e90 at /HUDSON/workspace/jdk7u25-2-build-linux-amd64-product/jdk7u25/hotspot/src/share/vm/prims/jvm.cpp:1235
Event: 611.122 Thread 0x00007fd6e01ce000 Threw 0x00000000ec99bbc8 at /HUDSON/workspace/jdk7u25-2-build-linux-amd64-product/jdk7u25/hotspot/src/share/vm/prims/jni.cpp:742
Event: 611.123 Thread 0x00007fd6e01ce000 Threw 0x00000000ec99ce68 at /HUDSON/workspace/jdk7u25-2-build-linux-amd64-product/jdk7u25/hotspot/src/share/vm/prims/jvm.cpp:1235
Event: 1212.199 Thread 0x00007fd6e01ce000 Threw 0x00000000ecd5ea88 at /HUDSON/workspace/jdk7u25-2-build-linux-amd64-product/jdk7u25/hotspot/src/share/vm/prims/jni.cpp:742

Events (10 events):
Event: 1275.431 Executing VM operation: RevokeBias done
Event: 1299.305 loading class 0x00007fd72c1ef150
Event: 1299.306 loading class 0x00007fd72c1ef150 done
Event: 1299.306 loading class 0x00007fd72c1ef120
Event: 1299.307 loading class 0x00007fd72c1ef120 done
Event: 1579.479 Thread 0x00007fd6e01df000 Thread added: 0x00007fd6e01df000
Event: 1579.481 Executing VM operation: RevokeBias
Event: 1579.481 Executing VM operation: RevokeBias done
Event: 1581.888 loading class 0x00007fd72c2f99e0
Event: 1581.888 loading class 0x00007fd72c2f99e0 done


Dynamic libraries:
00400000-00401000 r-xp 00000000 08:05 4983184                            /usr/lib/jvm/jdk1.7.0_25/bin/java
00600000-00601000 rw-p 00000000 08:05 4983184                            /usr/lib/jvm/jdk1.7.0_25/bin/java
017f2000-01813000 rw-p 00000000 00:00 0                                  [heap]
bfe00000-c2550000 rw-p 00000000 00:00 0 
c2550000-c5000000 rw-p 00000000 00:00 0 
c5000000-c7910000 rw-p 00000000 00:00 0 
c7910000-ec560000 rw-p 00000000 00:00 0 
ec560000-ed900000 rw-p 00000000 00:00 0 
ed900000-100000000 rw-p 00000000 00:00 0 
7fd6bc000000-7fd6bc021000 rw-p 00000000 00:00 0 
7fd6bc021000-7fd6c0000000 ---p 00000000 00:00 0 
7fd6c4000000-7fd6c4021000 rw-p 00000000 00:00 0 
7fd6c4021000-7fd6c8000000 ---p 00000000 00:00 0 
7fd6c8000000-7fd6c8021000 rw-p 00000000 00:00 0 
7fd6c8021000-7fd6cc000000 ---p 00000000 00:00 0 
7fd6cc000000-7fd6cc021000 rw-p 00000000 00:00 0 
7fd6cc021000-7fd6d0000000 ---p 00000000 00:00 0 
7fd6d0000000-7fd6d0841000 rw-p 00000000 00:00 0 
7fd6d0841000-7fd6d4000000 ---p 00000000 00:00 0 
7fd6d4000000-7fd6d48cd000 rw-p 00000000 00:00 0 
7fd6d48cd000-7fd6d8000000 ---p 00000000 00:00 0 
7fd6d8000000-7fd6d8021000 rw-p 00000000 00:00 0 
7fd6d8021000-7fd6dc000000 ---p 00000000 00:00 0 
7fd6dc000000-7fd6dc021000 rw-p 00000000 00:00 0 
7fd6dc021000-7fd6e0000000 ---p 00000000 00:00 0 
7fd6e0000000-7fd6e02df000 rw-p 00000000 00:00 0 
7fd6e02df000-7fd6e4000000 ---p 00000000 00:00 0 
7fd6e4000000-7fd6e4021000 rw-p 00000000 00:00 0 
7fd6e4021000-7fd6e8000000 ---p 00000000 00:00 0 
7fd6e8000000-7fd6e8021000 rw-p 00000000 00:00 0 
7fd6e8021000-7fd6ec000000 ---p 00000000 00:00 0 
7fd6ec000000-7fd6ec021000 rw-p 00000000 00:00 0 
7fd6ec021000-7fd6f0000000 ---p 00000000 00:00 0 
7fd6f0000000-7fd6f0021000 rw-p 00000000 00:00 0 
7fd6f0021000-7fd6f4000000 ---p 00000000 00:00 0 
7fd6f4000000-7fd6f44b3000 rw-p 00000000 00:00 0 
7fd6f44b3000-7fd6f8000000 ---p 00000000 00:00 0 
7fd6f8000000-7fd6f8021000 rw-p 00000000 00:00 0 
7fd6f8021000-7fd6fc000000 ---p 00000000 00:00 0 
7fd6fc000000-7fd6fc021000 rw-p 00000000 00:00 0 
7fd6fc021000-7fd700000000 ---p 00000000 00:00 0 
7fd700000000-7fd700598000 rw-p 00000000 00:00 0 
7fd700598000-7fd704000000 ---p 00000000 00:00 0 
7fd704000000-7fd704021000 rw-p 00000000 00:00 0 
7fd704021000-7fd708000000 ---p 00000000 00:00 0 
7fd708000000-7fd708021000 rw-p 00000000 00:00 0 
7fd708021000-7fd70c000000 ---p 00000000 00:00 0 
7fd70c000000-7fd70c021000 rw-p 00000000 00:00 0 
7fd70c021000-7fd710000000 ---p 00000000 00:00 0 
7fd710000000-7fd710039000 rw-p 00000000 00:00 0 
7fd710039000-7fd714000000 ---p 00000000 00:00 0 
7fd714000000-7fd714021000 rw-p 00000000 00:00 0 
7fd714021000-7fd718000000 ---p 00000000 00:00 0 
7fd71897a000-7fd71897d000 ---p 00000000 00:00 0 
7fd71897d000-7fd718a7b000 rw-p 00000000 00:00 0                          [stack:5385]
7fd718a7b000-7fd718ab5000 r-xp 00000000 08:05 4984132                    /usr/lib/jvm/jdk1.7.0_25/jre/lib/amd64/libjpeg.so
7fd718ab5000-7fd718cb5000 ---p 0003a000 08:05 4984132                    /usr/lib/jvm/jdk1.7.0_25/jre/lib/amd64/libjpeg.so
7fd718cb5000-7fd718cb6000 rw-p 0003a000 08:05 4984132                    /usr/lib/jvm/jdk1.7.0_25/jre/lib/amd64/libjpeg.so
7fd718cb6000-7fd718cb9000 ---p 00000000 00:00 0 
7fd718cb9000-7fd718db7000 rw-p 00000000 00:00 0                          [stack:5244]
7fd718db7000-7fd718dba000 ---p 00000000 00:00 0 
7fd718dba000-7fd718eb8000 rw-p 00000000 00:00 0                          [stack:5190]
7fd718eb8000-7fd718ebb000 ---p 00000000 00:00 0 
7fd718ebb000-7fd7196b9000 rw-p 00000000 00:00 0                          [stack:5120]
7fd7196b9000-7fd7196bd000 r-xp 00000000 08:05 11538065                   /lib/x86_64-linux-gnu/libuuid.so.1.3.0
7fd7196bd000-7fd7198bc000 ---p 00004000 08:05 11538065                   /lib/x86_64-linux-gnu/libuuid.so.1.3.0
7fd7198bc000-7fd7198bd000 r--p 00003000 08:05 11538065                   /lib/x86_64-linux-gnu/libuuid.so.1.3.0
7fd7198bd000-7fd7198be000 rw-p 00004000 08:05 11538065                   /lib/x86_64-linux-gnu/libuuid.so.1.3.0
7fd7198be000-7fd7198d4000 r-xp 00000000 08:05 531404                     /usr/lib/x86_64-linux-gnu/libICE.so.6.3.0
7fd7198d4000-7fd719ad3000 ---p 00016000 08:05 531404                     /usr/lib/x86_64-linux-gnu/libICE.so.6.3.0
7fd719ad3000-7fd719ad4000 r--p 00015000 08:05 531404                     /usr/lib/x86_64-linux-gnu/libICE.so.6.3.0
7fd719ad4000-7fd719ad5000 rw-p 00016000 08:05 531404                     /usr/lib/x86_64-linux-gnu/libICE.so.6.3.0
7fd719ad5000-7fd719ad8000 rw-p 00000000 00:00 0 
7fd719ad8000-7fd719adf000 r-xp 00000000 08:05 531445                     /usr/lib/x86_64-linux-gnu/libSM.so.6.0.1
7fd719adf000-7fd719cde000 ---p 00007000 08:05 531445                     /usr/lib/x86_64-linux-gnu/libSM.so.6.0.1
7fd719cde000-7fd719cdf000 r--p 00006000 08:05 531445                     /usr/lib/x86_64-linux-gnu/libSM.so.6.0.1
7fd719cdf000-7fd719ce0000 rw-p 00007000 08:05 531445                     /usr/lib/x86_64-linux-gnu/libSM.so.6.0.1
7fd719ce0000-7fd719d3f000 r-xp 00000000 08:05 528976                     /usr/lib/x86_64-linux-gnu/libXt.so.6.0.0
7fd719d3f000-7fd719f3f000 ---p 0005f000 08:05 528976                     /usr/lib/x86_64-linux-gnu/libXt.so.6.0.0
7fd719f3f000-7fd719f40000 r--p 0005f000 08:05 528976                     /usr/lib/x86_64-linux-gnu/libXt.so.6.0.0
7fd719f40000-7fd719f45000 rw-p 00060000 08:05 528976                     /usr/lib/x86_64-linux-gnu/libXt.so.6.0.0
7fd719f45000-7fd719f46000 rw-p 00000000 00:00 0 
7fd719f46000-7fd719f52000 r-xp 00000000 08:05 3676320                    /tmp/libJNativeHook.so
7fd719f52000-7fd71a151000 ---p 0000c000 08:05 3676320                    /tmp/libJNativeHook.so
7fd71a151000-7fd71a152000 r--p 0000b000 08:05 3676320                    /tmp/libJNativeHook.so
7fd71a152000-7fd71a153000 rw-p 0000c000 08:05 3676320                    /tmp/libJNativeHook.so
7fd71a153000-7fd71a185000 r-xp 00000000 08:05 4984094                    /usr/lib/jvm/jdk1.7.0_25/jre/lib/amd64/libsunec.so
7fd71a185000-7fd71a384000 ---p 00032000 08:05 4984094                    /usr/lib/jvm/jdk1.7.0_25/jre/lib/amd64/libsunec.so
7fd71a384000-7fd71a38a000 rw-p 00031000 08:05 4984094                    /usr/lib/jvm/jdk1.7.0_25/jre/lib/amd64/libsunec.so
7fd71a38a000-7fd71a39a000 rw-p 00000000 00:00 0 
7fd71a39a000-7fd71a39d000 ---p 00000000 00:00 0 
7fd71a39d000-7fd71a49b000 rw-p 00000000 00:00 0                          [stack:5114]
7fd71a49b000-7fd71a503000 r-xp 00000000 08:05 4984100                    /usr/lib/jvm/jdk1.7.0_25/jre/lib/amd64/libt2k.so
7fd71a503000-7fd71a702000 ---p 00068000 08:05 4984100                    /usr/lib/jvm/jdk1.7.0_25/jre/lib/amd64/libt2k.so
7fd71a702000-7fd71a709000 rw-p 00067000 08:05 4984100                    /usr/lib/jvm/jdk1.7.0_25/jre/lib/amd64/libt2k.so
7fd71a709000-7fd71a719000 rw-p 00000000 00:00 0 
7fd71a719000-7fd71a72e000 r-xp 00000000 08:05 11537979                   /lib/x86_64-linux-gnu/libgcc_s.so.1
7fd71a72e000-7fd71a92d000 ---p 00015000 08:05 11537979                   /lib/x86_64-linux-gnu/libgcc_s.so.1
7fd71a92d000-7fd71a92e000 r--p 00014000 08:05 11537979                   /lib/x86_64-linux-gnu/libgcc_s.so.1
7fd71a92e000-7fd71a92f000 rw-p 00015000 08:05 11537979                   /lib/x86_64-linux-gnu/libgcc_s.so.1
7fd71a92f000-7fd71a98f000 r-xp 00000000 08:05 4984128                    /usr/lib/jvm/jdk1.7.0_25/jre/lib/amd64/libfontmanager.so
7fd71a98f000-7fd71ab8e000 ---p 00060000 08:05 4984128                    /usr/lib/jvm/jdk1.7.0_25/jre/lib/amd64/libfontmanager.so
7fd71ab8e000-7fd71ab92000 rw-p 0005f000 08:05 4984128                    /usr/lib/jvm/jdk1.7.0_25/jre/lib/amd64/libfontmanager.so
7fd71ab92000-7fd71aba3000 rw-p 00000000 00:00 0 
7fd71aba3000-7fd71abb3000 r-xp 00000000 08:05 4984135                    /usr/lib/jvm/jdk1.7.0_25/jre/lib/amd64/libnio.so
7fd71abb3000-7fd71adb3000 ---p 00010000 08:05 4984135                    /usr/lib/jvm/jdk1.7.0_25/jre/lib/amd64/libnio.so
7fd71adb3000-7fd71adb4000 rw-p 00010000 08:05 4984135                    /usr/lib/jvm/jdk1.7.0_25/jre/lib/amd64/libnio.so
7fd71adb4000-7fd71adb7000 ---p 00000000 00:00 0 
7fd71adb7000-7fd71aeb5000 rw-p 00000000 00:00 0                          [stack:5113]
7fd71aeb5000-7fd71aeb8000 ---p 00000000 00:00 0 
7fd71aeb8000-7fd71afb6000 rw-p 00000000 00:00 0                          [stack:5121]
7fd71afb6000-7fd71afb9000 ---p 00000000 00:00 0 
7fd71afb9000-7fd71b0b7000 rw-p 00000000 00:00 0                          [stack:5111]
7fd71b0b7000-7fd71b0ba000 ---p 00000000 00:00 0 
7fd71b0ba000-7fd71b1b8000 rw-p 00000000 00:00 0                          [stack:5110]
7fd71b1b8000-7fd71b1bb000 ---p 00000000 00:00 0 
7fd71b1bb000-7fd71b2b9000 rw-p 00000000 00:00 0                          [stack:5109]
7fd71b2b9000-7fd71b2be000 r-xp 00000000 08:05 526342                     /usr/lib/x86_64-linux-gnu/libXfixes.so.3.1.0
7fd71b2be000-7fd71b4bd000 ---p 00005000 08:05 526342                     /usr/lib/x86_64-linux-gnu/libXfixes.so.3.1.0
7fd71b4bd000-7fd71b4be000 r--p 00004000 08:05 526342                     /usr/lib/x86_64-linux-gnu/libXfixes.so.3.1.0
7fd71b4be000-7fd71b4bf000 rw-p 00005000 08:05 526342                     /usr/lib/x86_64-linux-gnu/libXfixes.so.3.1.0
7fd71b4bf000-7fd71b4c8000 r-xp 00000000 08:05 528970                     /usr/lib/x86_64-linux-gnu/libXcursor.so.1.0.2
7fd71b4c8000-7fd71b6c7000 ---p 00009000 08:05 528970                     /usr/lib/x86_64-linux-gnu/libXcursor.so.1.0.2
7fd71b6c7000-7fd71b6c8000 r--p 00008000 08:05 528970                     /usr/lib/x86_64-linux-gnu/libXcursor.so.1.0.2
7fd71b6c8000-7fd71b6c9000 rw-p 00009000 08:05 528970                     /usr/lib/x86_64-linux-gnu/libXcursor.so.1.0.2
7fd71b6c9000-7fd71b6cc000 ---p 00000000 00:00 0 
7fd71b6cc000-7fd71b7ca000 rw-p 00000000 00:00 0                          [stack:5108]
7fd71b7ca000-7fd71b7cf000 r-xp 00000000 08:05 531462                     /usr/lib/x86_64-linux-gnu/libXdmcp.so.6.0.0
7fd71b7cf000-7fd71b9ce000 ---p 00005000 08:05 531462                     /usr/lib/x86_64-linux-gnu/libXdmcp.so.6.0.0
7fd71b9ce000-7fd71b9cf000 r--p 00004000 08:05 531462                     /usr/lib/x86_64-linux-gnu/libXdmcp.so.6.0.0
7fd71b9cf000-7fd71b9d0000 rw-p 00005000 08:05 531462                     /usr/lib/x86_64-linux-gnu/libXdmcp.so.6.0.0
7fd71b9d0000-7fd71b9d2000 r-xp 00000000 08:05 531451                     /usr/lib/x86_64-linux-gnu/libXau.so.6.0.0
7fd71b9d2000-7fd71bbd1000 ---p 00002000 08:05 531451                     /usr/lib/x86_64-linux-gnu/libXau.so.6.0.0
7fd71bbd1000-7fd71bbd2000 r--p 00001000 08:05 531451                     /usr/lib/x86_64-linux-gnu/libXau.so.6.0.0
7fd71bbd2000-7fd71bbd3000 rw-p 00002000 08:05 531451                     /usr/lib/x86_64-linux-gnu/libXau.so.6.0.0
7fd71bbd3000-7fd71bbf0000 r-xp 00000000 08:05 526241                     /usr/lib/x86_64-linux-gnu/libxcb.so.1.1.0
7fd71bbf0000-7fd71bdef000 ---p 0001d000 08:05 526241                     /usr/lib/x86_64-linux-gnu/libxcb.so.1.1.0
7fd71bdef000-7fd71bdf0000 r--p 0001c000 08:05 526241                     /usr/lib/x86_64-linux-gnu/libxcb.so.1.1.0
7fd71bdf0000-7fd71bdf1000 rw-p 0001d000 08:05 526241                     /usr/lib/x86_64-linux-gnu/libxcb.so.1.1.0
7fd71bdf1000-7fd71bdff000 r-xp 00000000 08:05 526265                     /usr/lib/x86_64-linux-gnu/libXi.so.6.1.0
7fd71bdff000-7fd71bffe000 ---p 0000e000 08:05 526265                     /usr/lib/x86_64-linux-gnu/libXi.so.6.1.0
7fd71bffe000-7fd71bfff000 r--p 0000d000 08:05 526265                     /usr/lib/x86_64-linux-gnu/libXi.so.6.1.0
7fd71bfff000-7fd71c000000 rw-p 0000e000 08:05 526265                     /usr/lib/x86_64-linux-gnu/libXi.so.6.1.0
7fd71c000000-7fd71c021000 rw-p 00000000 00:00 0 
7fd71c021000-7fd720000000 ---p 00000000 00:00 0 
7fd720000000-7fd720005000 r-xp 00000000 08:05 528978                     /usr/lib/x86_64-linux-gnu/libXtst.so.6.1.0
7fd720005000-7fd720204000 ---p 00005000 08:05 528978                     /usr/lib/x86_64-linux-gnu/libXtst.so.6.1.0
7fd720204000-7fd720205000 r--p 00004000 08:05 528978                     /usr/lib/x86_64-linux-gnu/libXtst.so.6.1.0
7fd720205000-7fd720206000 rw-p 00005000 08:05 528978                     /usr/lib/x86_64-linux-gnu/libXtst.so.6.1.0
7fd720206000-7fd72020f000 r-xp 00000000 08:05 526415                     /usr/lib/x86_64-linux-gnu/libXrender.so.1.3.0
7fd72020f000-7fd72040e000 ---p 00009000 08:05 526415                     /usr/lib/x86_64-linux-gnu/libXrender.so.1.3.0
7fd72040e000-7fd72040f000 r--p 00008000 08:05 526415                     /usr/lib/x86_64-linux-gnu/libXrender.so.1.3.0
7fd72040f000-7fd720410000 rw-p 00009000 08:05 526415                     /usr/lib/x86_64-linux-gnu/libXrender.so.1.3.0
7fd720410000-7fd720540000 r-xp 00000000 08:05 526243                     /usr/lib/x86_64-linux-gnu/libX11.so.6.3.0
7fd720540000-7fd720740000 ---p 00130000 08:05 526243                     /usr/lib/x86_64-linux-gnu/libX11.so.6.3.0
7fd720740000-7fd720741000 r--p 00130000 08:05 526243                     /usr/lib/x86_64-linux-gnu/libX11.so.6.3.0
7fd720741000-7fd720745000 rw-p 00131000 08:05 526243                     /usr/lib/x86_64-linux-gnu/libX11.so.6.3.0
7fd720745000-7fd720755000 r-xp 00000000 08:05 526263                     /usr/lib/x86_64-linux-gnu/libXext.so.6.4.0
7fd720755000-7fd720954000 ---p 00010000 08:05 526263                     /usr/lib/x86_64-linux-gnu/libXext.so.6.4.0
7fd720954000-7fd720955000 r--p 0000f000 08:05 526263                     /usr/lib/x86_64-linux-gnu/libXext.so.6.4.0
7fd720955000-7fd720956000 rw-p 00010000 08:05 526263                     /usr/lib/x86_64-linux-gnu/libXext.so.6.4.0
7fd720976000-7fd7209c6000 r-xp 00000000 08:05 4984138                    /usr/lib/jvm/jdk1.7.0_25/jre/lib/amd64/xawt/libmawt.so
7fd7209c6000-7fd720bc6000 ---p 00050000 08:05 4984138                    /usr/lib/jvm/jdk1.7.0_25/jre/lib/amd64/xawt/libmawt.so
7fd720bc6000-7fd720bca000 rw-p 00050000 08:05 4984138                    /usr/lib/jvm/jdk1.7.0_25/jre/lib/amd64/xawt/libmawt.so
7fd720bca000-7fd720bcb000 rw-p 00000000 00:00 0 
7fd720bcb000-7fd720c6e000 r-xp 00000000 08:05 4984093                    /usr/lib/jvm/jdk1.7.0_25/jre/lib/amd64/libawt.so
7fd720c6e000-7fd720e6e000 ---p 000a3000 08:05 4984093                    /usr/lib/jvm/jdk1.7.0_25/jre/lib/amd64/libawt.so
7fd720e6e000-7fd720e7a000 rw-p 000a3000 08:05 4984093                    /usr/lib/jvm/jdk1.7.0_25/jre/lib/amd64/libawt.so
7fd720e7a000-7fd720ecf000 rw-p 00000000 00:00 0 
7fd720ecf000-7fd720ee4000 r-xp 00000000 08:05 4984085                    /usr/lib/jvm/jdk1.7.0_25/jre/lib/amd64/libnet.so
7fd720ee4000-7fd7210e4000 ---p 00015000 08:05 4984085                    /usr/lib/jvm/jdk1.7.0_25/jre/lib/amd64/libnet.so
7fd7210e4000-7fd7210e5000 rw-p 00015000 08:05 4984085                    /usr/lib/jvm/jdk1.7.0_25/jre/lib/amd64/libnet.so
7fd7210e5000-7fd7210e8000 ---p 00000000 00:00 0 
7fd7210e8000-7fd7211e6000 rw-p 00000000 00:00 0                          [stack:5107]
7fd7211e6000-7fd7211e7000 r-xp 00000000 08:06 30147555                   /home/esdp/Desktop/Исабек/idea-IC-129.451/bin/libbreakgen64.so
7fd7211e7000-7fd7213e6000 ---p 00001000 08:06 30147555                   /home/esdp/Desktop/Исабек/idea-IC-129.451/bin/libbreakgen64.so
7fd7213e6000-7fd7213e7000 r--p 00000000 08:06 30147555                   /home/esdp/Desktop/Исабек/idea-IC-129.451/bin/libbreakgen64.so
7fd7213e7000-7fd7213e8000 rw-p 00001000 08:06 30147555                   /home/esdp/Desktop/Исабек/idea-IC-129.451/bin/libbreakgen64.so
7fd7213e8000-7fd7213e9000 ---p 00000000 00:00 0 
7fd7213e9000-7fd7214e9000 rw-p 00000000 00:00 0                          [stack:5106]
7fd7214e9000-7fd7214ec000 ---p 00000000 00:00 0 
7fd7214ec000-7fd7215ea000 rw-p 00000000 00:00 0                          [stack:5105]
7fd7215ea000-7fd7215ed000 ---p 00000000 00:00 0 
7fd7215ed000-7fd7216eb000 rw-p 00000000 00:00 0                          [stack:5104]
7fd7216eb000-7fd7216ee000 ---p 00000000 00:00 0 
7fd7216ee000-7fd724000000 rw-p 00000000 00:00 0                          [stack:5103]
7fd724000000-7fd724021000 rw-p 00000000 00:00 0 
7fd724021000-7fd728000000 ---p 00000000 00:00 0 
7fd728006000-7fd72800a000 r--s 0002d000 08:05 4983441                    /usr/lib/jvm/jdk1.7.0_25/jre/lib/ext/sunjce_provider.jar
7fd72800a000-7fd72800b000 r--s 00003000 08:05 4983445                    /usr/lib/jvm/jdk1.7.0_25/jre/lib/ext/sunec.jar
7fd72800b000-7fd72800f000 r--s 00037000 08:05 4983443                    /usr/lib/jvm/jdk1.7.0_25/jre/lib/ext/sunpkcs11.jar
7fd72800f000-7fd728011000 r--s 00019000 08:05 4983380                    /usr/lib/jvm/jdk1.7.0_25/jre/lib/jce.jar
7fd728011000-7fd728015000 r--s 0008a000 08:05 4983376                    /usr/lib/jvm/jdk1.7.0_25/jre/lib/jsse.jar
7fd728015000-7fd728019000 r--s 000f7000 08:05 4983444                    /usr/lib/jvm/jdk1.7.0_25/jre/lib/ext/localedata.jar
7fd728019000-7fd72801b000 r--s 00013000 08:06 30146924                   /home/esdp/Desktop/Исабек/idea-IC-129.451/lib/idea_rt.jar
7fd72801b000-7fd72801d000 r--s 00005000 08:06 14288875                   /home/khegai/.m2/repository/org/apache/httpcomponents/httpmime/4.2.5/httpmime-4.2.5.jar
7fd72801d000-7fd728023000 r--s 00033000 08:06 14288850                   /home/khegai/.m2/repository/commons-codec/commons-codec/1.6/commons-codec-1.6.jar
7fd728023000-7fd728025000 r--s 0000d000 08:06 14288827                   /home/khegai/.m2/repository/commons-logging/commons-logging/1.1.1/commons-logging-1.1.1.jar
7fd728025000-7fd72802b000 r--s 00032000 08:06 14288862                   /home/khegai/.m2/repository/org/apache/httpcomponents/httpcore/4.2.4/httpcore-4.2.4.jar
7fd72802b000-7fd728034000 r--s 00067000 08:05 4983435                    /usr/lib/jvm/jdk1.7.0_25/jre/lib/javaws.jar
7fd728034000-7fd72803e000 r--s 00371000 08:05 4983355                    /usr/lib/jvm/jdk1.7.0_25/jre/lib/charsets.jar
7fd72803e000-7fd728055000 r--s 001c2000 08:05 4983524                    /usr/lib/jvm/jdk1.7.0_25/jre/lib/deploy.jar
7fd728055000-7fd7280e4000 r--s 00dd9000 08:05 4983431                    /usr/lib/jvm/jdk1.7.0_25/jre/lib/jfxrt.jar
7fd7280e4000-7fd7280e7000 ---p 00000000 00:00 0 
7fd7280e7000-7fd7281e5000 rw-p 00000000 00:00 0                          [stack:5102]
7fd7281e5000-7fd7289fa000 r--p 00000000 08:05 530792                     /usr/lib/locale/locale-archive
7fd7289fa000-7fd7289fd000 ---p 00000000 00:00 0 
7fd7289fd000-7fd728afb000 rw-p 00000000 00:00 0                          [stack:5101]
7fd728afb000-7fd728afe000 ---p 00000000 00:00 0 
7fd728afe000-7fd728bfc000 rw-p 00000000 00:00 0                          [stack:5100]
7fd728bfc000-7fd728bfd000 ---p 00000000 00:00 0 
7fd728bfd000-7fd729000000 rw-p 00000000 00:00 0                          [stack:5099]
7fd729000000-7fd729270000 rwxp 00000000 00:00 0 
7fd729270000-7fd72c414000 rw-p 00000000 00:00 0 
7fd72c414000-7fd730000000 ---p 00000000 00:00 0 
7fd730001000-7fd73000a000 r--s 00061000 08:06 14288824                   /home/khegai/.m2/repository/org/apache/httpcomponents/httpclient/4.2.5/httpclient-4.2.5.jar
7fd73000a000-7fd73000e000 r--s 0006d000 08:05 4983433                    /usr/lib/jvm/jdk1.7.0_25/jre/lib/jfr.jar
7fd73000e000-7fd730012000 r--s 0008a000 08:05 4983376                    /usr/lib/jvm/jdk1.7.0_25/jre/lib/jsse.jar
7fd730012000-7fd730d58000 rw-p 00000000 00:00 0 
7fd730d58000-7fd730f15000 r--s 039f9000 08:05 4983340                    /usr/lib/jvm/jdk1.7.0_25/jre/lib/rt.jar
7fd730f15000-7fd730f3d000 rw-p 00000000 00:00 0 
7fd730f3d000-7fd730f3e000 ---p 00000000 00:00 0 
7fd730f3e000-7fd73103e000 rw-p 00000000 00:00 0                          [stack:5098]
7fd73103e000-7fd73103f000 ---p 00000000 00:00 0 
7fd73103f000-7fd73113f000 rw-p 00000000 00:00 0                          [stack:5097]
7fd73113f000-7fd731140000 ---p 00000000 00:00 0 
7fd731140000-7fd731240000 rw-p 00000000 00:00 0                          [stack:5096]
7fd731240000-7fd731241000 ---p 00000000 00:00 0 
7fd731241000-7fd731355000 rw-p 00000000 00:00 0                          [stack:5095]
7fd731355000-7fd73136a000 rw-p 00000000 00:00 0 
7fd73136a000-7fd73137f000 rw-p 00000000 00:00 0 
7fd73137f000-7fd7314a5000 rw-p 00000000 00:00 0 
7fd7314a5000-7fd7314b9000 rw-p 00000000 00:00 0 
7fd7314b9000-7fd7314ce000 rw-p 00000000 00:00 0 
7fd7314ce000-7fd7314e3000 rw-p 00000000 00:00 0 
7fd7314e3000-7fd731608000 rw-p 00000000 00:00 0 
7fd731608000-7fd731613000 rw-p 00000000 00:00 0 
7fd731613000-7fd7316a6000 rw-p 00000000 00:00 0 
7fd7316a6000-7fd7316a7000 rw-p 00000000 00:00 0 
7fd7316a7000-7fd7316c2000 r-xp 00000000 08:05 4984110                    /usr/lib/jvm/jdk1.7.0_25/jre/lib/amd64/libzip.so
7fd7316c2000-7fd7318c1000 ---p 0001b000 08:05 4984110                    /usr/lib/jvm/jdk1.7.0_25/jre/lib/amd64/libzip.so
7fd7318c1000-7fd7318c2000 rw-p 0001a000 08:05 4984110                    /usr/lib/jvm/jdk1.7.0_25/jre/lib/amd64/libzip.so
7fd7318c2000-7fd7318ce000 r-xp 00000000 08:05 11535175                   /lib/x86_64-linux-gnu/libnss_files-2.15.so
7fd7318ce000-7fd731acd000 ---p 0000c000 08:05 11535175                   /lib/x86_64-linux-gnu/libnss_files-2.15.so
7fd731acd000-7fd731ace000 r--p 0000b000 08:05 11535175                   /lib/x86_64-linux-gnu/libnss_files-2.15.so
7fd731ace000-7fd731acf000 rw-p 0000c000 08:05 11535175                   /lib/x86_64-linux-gnu/libnss_files-2.15.so
7fd731acf000-7fd731ad9000 r-xp 00000000 08:05 11535171                   /lib/x86_64-linux-gnu/libnss_nis-2.15.so
7fd731ad9000-7fd731cd9000 ---p 0000a000 08:05 11535171                   /lib/x86_64-linux-gnu/libnss_nis-2.15.so
7fd731cd9000-7fd731cda000 r--p 0000a000 08:05 11535171                   /lib/x86_64-linux-gnu/libnss_nis-2.15.so
7fd731cda000-7fd731cdb000 rw-p 0000b000 08:05 11535171                   /lib/x86_64-linux-gnu/libnss_nis-2.15.so
7fd731cdb000-7fd731cf2000 r-xp 00000000 08:05 11538172                   /lib/x86_64-linux-gnu/libnsl-2.15.so
7fd731cf2000-7fd731ef1000 ---p 00017000 08:05 11538172                   /lib/x86_64-linux-gnu/libnsl-2.15.so
7fd731ef1000-7fd731ef2000 r--p 00016000 08:05 11538172                   /lib/x86_64-linux-gnu/libnsl-2.15.so
7fd731ef2000-7fd731ef3000 rw-p 00017000 08:05 11538172                   /lib/x86_64-linux-gnu/libnsl-2.15.so
7fd731ef3000-7fd731ef5000 rw-p 00000000 00:00 0 
7fd731ef5000-7fd731efd000 r-xp 00000000 08:05 11535176                   /lib/x86_64-linux-gnu/libnss_compat-2.15.so
7fd731efd000-7fd7320fc000 ---p 00008000 08:05 11535176                   /lib/x86_64-linux-gnu/libnss_compat-2.15.so
7fd7320fc000-7fd7320fd000 r--p 00007000 08:05 11535176                   /lib/x86_64-linux-gnu/libnss_compat-2.15.so
7fd7320fd000-7fd7320fe000 rw-p 00008000 08:05 11535176                   /lib/x86_64-linux-gnu/libnss_compat-2.15.so
7fd7320fe000-7fd732127000 r-xp 00000000 08:05 4984101                    /usr/lib/jvm/jdk1.7.0_25/jre/lib/amd64/libjava.so
7fd732127000-7fd732327000 ---p 00029000 08:05 4984101                    /usr/lib/jvm/jdk1.7.0_25/jre/lib/amd64/libjava.so
7fd732327000-7fd732329000 rw-p 00029000 08:05 4984101                    /usr/lib/jvm/jdk1.7.0_25/jre/lib/amd64/libjava.so
7fd732329000-7fd732336000 r-xp 00000000 08:05 4984090                    /usr/lib/jvm/jdk1.7.0_25/jre/lib/amd64/libverify.so
7fd732336000-7fd732535000 ---p 0000d000 08:05 4984090                    /usr/lib/jvm/jdk1.7.0_25/jre/lib/amd64/libverify.so
7fd732535000-7fd732537000 rw-p 0000c000 08:05 4984090                    /usr/lib/jvm/jdk1.7.0_25/jre/lib/amd64/libverify.so
7fd732537000-7fd73253e000 r-xp 00000000 08:05 11535168                   /lib/x86_64-linux-gnu/librt-2.15.so
7fd73253e000-7fd73273d000 ---p 00007000 08:05 11535168                   /lib/x86_64-linux-gnu/librt-2.15.so
7fd73273d000-7fd73273e000 r--p 00006000 08:05 11535168                   /lib/x86_64-linux-gnu/librt-2.15.so
7fd73273e000-7fd73273f000 rw-p 00007000 08:05 11535168                   /lib/x86_64-linux-gnu/librt-2.15.so
7fd73273f000-7fd73283a000 r-xp 00000000 08:05 11535173                   /lib/x86_64-linux-gnu/libm-2.15.so
7fd73283a000-7fd732a39000 ---p 000fb000 08:05 11535173                   /lib/x86_64-linux-gnu/libm-2.15.so
7fd732a39000-7fd732a3a000 r--p 000fa000 08:05 11535173                   /lib/x86_64-linux-gnu/libm-2.15.so
7fd732a3a000-7fd732a3b000 rw-p 000fb000 08:05 11535173                   /lib/x86_64-linux-gnu/libm-2.15.so
7fd732a3b000-7fd73347c000 r-xp 00000000 08:05 4984108                    /usr/lib/jvm/jdk1.7.0_25/jre/lib/amd64/server/libjvm.so
7fd73347c000-7fd73367c000 ---p 00a41000 08:05 4984108                    /usr/lib/jvm/jdk1.7.0_25/jre/lib/amd64/server/libjvm.so
7fd73367c000-7fd73371f000 rw-p 00a41000 08:05 4984108                    /usr/lib/jvm/jdk1.7.0_25/jre/lib/amd64/server/libjvm.so
7fd73371f000-7fd73375b000 rw-p 00000000 00:00 0 
7fd73375b000-7fd733910000 r-xp 00000000 08:05 11535164                   /lib/x86_64-linux-gnu/libc-2.15.so
7fd733910000-7fd733b0f000 ---p 001b5000 08:05 11535164                   /lib/x86_64-linux-gnu/libc-2.15.so
7fd733b0f000-7fd733b13000 r--p 001b4000 08:05 11535164                   /lib/x86_64-linux-gnu/libc-2.15.so
7fd733b13000-7fd733b15000 rw-p 001b8000 08:05 11535164                   /lib/x86_64-linux-gnu/libc-2.15.so
7fd733b15000-7fd733b1a000 rw-p 00000000 00:00 0 
7fd733b1a000-7fd733b1c000 r-xp 00000000 08:05 11535163                   /lib/x86_64-linux-gnu/libdl-2.15.so
7fd733b1c000-7fd733d1c000 ---p 00002000 08:05 11535163                   /lib/x86_64-linux-gnu/libdl-2.15.so
7fd733d1c000-7fd733d1d000 r--p 00002000 08:05 11535163                   /lib/x86_64-linux-gnu/libdl-2.15.so
7fd733d1d000-7fd733d1e000 rw-p 00003000 08:05 11535163                   /lib/x86_64-linux-gnu/libdl-2.15.so
7fd733d1e000-7fd733d34000 r-xp 00000000 08:05 4984130                    /usr/lib/jvm/jdk1.7.0_25/jre/lib/amd64/jli/libjli.so
7fd733d34000-7fd733f34000 ---p 00016000 08:05 4984130                    /usr/lib/jvm/jdk1.7.0_25/jre/lib/amd64/jli/libjli.so
7fd733f34000-7fd733f35000 rw-p 00016000 08:05 4984130                    /usr/lib/jvm/jdk1.7.0_25/jre/lib/amd64/jli/libjli.so
7fd733f35000-7fd733f4d000 r-xp 00000000 08:05 11535166                   /lib/x86_64-linux-gnu/libpthread-2.15.so
7fd733f4d000-7fd73414c000 ---p 00018000 08:05 11535166                   /lib/x86_64-linux-gnu/libpthread-2.15.so
7fd73414c000-7fd73414d000 r--p 00017000 08:05 11535166                   /lib/x86_64-linux-gnu/libpthread-2.15.so
7fd73414d000-7fd73414e000 rw-p 00018000 08:05 11535166                   /lib/x86_64-linux-gnu/libpthread-2.15.so
7fd73414e000-7fd734152000 rw-p 00000000 00:00 0 
7fd734152000-7fd734174000 r-xp 00000000 08:05 11538167                   /lib/x86_64-linux-gnu/ld-2.15.so
7fd734176000-7fd73417c000 r--s 0002a000 08:06 14288883                   /home/khegai/.m2/repository/com/jgoodies/jgoodies-binding/2.7.0/jgoodies-binding-2.7.0.jar
7fd73417c000-7fd73417e000 r--s 00006000 08:06 14288869                   /home/khegai/.m2/repository/com/jgoodies/jgoodies-common/1.4.0/jgoodies-common-1.4.0.jar
7fd73417e000-7fd734181000 r--s 0001b000 08:06 14288851                   /home/khegai/.m2/repository/com/jgoodies/jgoodies-forms/1.6.0/jgoodies-forms-1.6.0.jar
7fd734181000-7fd734183000 r--s 00020000 08:06 14812358                   /home/khegai/.m2/repository/org/clojars/eduardoejp/jnativehook/1.1.0rc2/jnativehook-1.1.0rc2.jar
7fd734183000-7fd73418d000 r--s 00254000 08:05 4983341                    /usr/lib/jvm/jdk1.7.0_25/jre/lib/resources.jar
7fd73418d000-7fd734197000 rw-p 00000000 00:00 0 
7fd734197000-7fd73424d000 rw-p 00000000 00:00 0 
7fd73424d000-7fd734250000 ---p 00000000 00:00 0 
7fd734250000-7fd734352000 rw-p 00000000 00:00 0                          [stack:5094]
7fd734352000-7fd734354000 r--s 00019000 08:05 4983380                    /usr/lib/jvm/jdk1.7.0_25/jre/lib/jce.jar
7fd734354000-7fd734355000 r--s 00000000 08:05 4983323                    /usr/lib/jvm/jdk1.7.0_25/jre/lib/management-agent.jar
7fd734355000-7fd734368000 r--s 000d3000 08:05 4983538                    /usr/lib/jvm/jdk1.7.0_25/jre/lib/plugin.jar
7fd734368000-7fd734370000 rw-s 00000000 08:05 3676310                    /tmp/hsperfdata_khegai/5093
7fd734370000-7fd734371000 rw-p 00000000 00:00 0 
7fd734371000-7fd734372000 r--p 00000000 00:00 0 
7fd734372000-7fd734374000 rw-p 00000000 00:00 0 
7fd734374000-7fd734375000 r--p 00022000 08:05 11538167                   /lib/x86_64-linux-gnu/ld-2.15.so
7fd734375000-7fd734377000 rw-p 00023000 08:05 11538167                   /lib/x86_64-linux-gnu/ld-2.15.so
7fff1e272000-7fff1e293000 rw-p 00000000 00:00 0                          [stack]
7fff1e39d000-7fff1e39e000 r-xp 00000000 00:00 0                          [vdso]
ffffffffff600000-ffffffffff601000 r-xp 00000000 00:00 0                  [vsyscall]

VM Arguments:
jvm_args: -Didea.launcher.port=7536 -Didea.launcher.bin.path=/home/esdp/Desktop/Исабек/idea-IC-129.451/bin -Dfile.encoding=UTF-8 
java_command: com.intellij.rt.execution.application.AppMain net.itattractor.Main
Launcher Type: SUN_STANDARD

Environment Variables:
CLASSPATH=/home/esdp/Desktop/Исабек/idea-IC-129.451/bin/../lib/bootstrap.jar:/home/esdp/Desktop/Исабек/idea-IC-129.451/bin/../lib/extensions.jar:/home/esdp/Desktop/Исабек/idea-IC-129.451/bin/../lib/util.jar:/home/esdp/Desktop/Исабек/idea-IC-129.451/bin/../lib/jdom.jar:/home/esdp/Desktop/Исабек/idea-IC-129.451/bin/../lib/log4j.jar:/home/esdp/Desktop/Исабек/idea-IC-129.451/bin/../lib/trove4j.jar:/home/esdp/Desktop/Исабек/idea-IC-129.451/bin/../lib/jna.jar:/usr/java/jdk1.7.0_40/lib/tools.jar
PATH=/usr/local/bin:/usr/bin:/bin:/usr/games
USERNAME=khegai
LD_LIBRARY_PATH=/home/esdp/Desktop/Исабек/idea-IC-129.451/bin:
SHELL=/bin/bash
DISPLAY=:0

Signal Handlers:
SIGSEGV: [libjvm.so+0x8a26a0], sa_mask[0]=0x7ffbfeff, sa_flags=0x10000004
SIGBUS: [libjvm.so+0x8a26a0], sa_mask[0]=0x7ffbfeff, sa_flags=0x10000004
SIGFPE: [libjvm.so+0x73f3d0], sa_mask[0]=0x7ffbfeff, sa_flags=0x10000004
SIGPIPE: [libjvm.so+0x73f3d0], sa_mask[0]=0x7ffbfeff, sa_flags=0x10000004
SIGXFSZ: [libjvm.so+0x73f3d0], sa_mask[0]=0x7ffbfeff, sa_flags=0x10000004
SIGILL: [libjvm.so+0x73f3d0], sa_mask[0]=0x7ffbfeff, sa_flags=0x10000004
SIGUSR1: SIG_DFL, sa_mask[0]=0x00000000, sa_flags=0x00000000
SIGUSR2: [libjvm.so+0x73ed20], sa_mask[0]=0x00000004, sa_flags=0x10000004
SIGHUP: [libjvm.so+0x7410b0], sa_mask[0]=0x7ffbfeff, sa_flags=0x10000004
SIGINT: [libjvm.so+0x7410b0], sa_mask[0]=0x7ffbfeff, sa_flags=0x10000004
SIGTERM: [libjvm.so+0x7410b0], sa_mask[0]=0x7ffbfeff, sa_flags=0x10000004
SIGQUIT: [libjvm.so+0x7410b0], sa_mask[0]=0x7ffbfeff, sa_flags=0x10000004


---------------  S Y S T E M  ---------------

OS:wheezy/sid

uname:Linux 3.5.0-37-generic #58~precise1-Ubuntu SMP Wed Jul 10 17:48:11 UTC 2013 x86_64
libc:glibc 2.15 NPTL 2.15 
rlimit: STACK 8192k, CORE 0k, NPROC 30031, NOFILE 4096, AS infinity
load average:0.84 0.52 0.45

/proc/meminfo:
MemTotal:        3862712 kB
MemFree:          485208 kB
Buffers:           31416 kB
Cached:          1568484 kB
SwapCached:          136 kB
Active:          1891176 kB
Inactive:        1294196 kB
Active(anon):    1108872 kB
Inactive(anon):   744156 kB
Active(file):     782304 kB
Inactive(file):   550040 kB
Unevictable:           0 kB
Mlocked:               0 kB
SwapTotal:       7999484 kB
SwapFree:        7949316 kB
Dirty:             24280 kB
Writeback:             0 kB
AnonPages:       1584936 kB
Mapped:           192492 kB
Shmem:            268076 kB
Slab:              93304 kB
SReclaimable:      62672 kB
SUnreclaim:        30632 kB
KernelStack:        5448 kB
PageTables:        32312 kB
NFS_Unstable:          0 kB
Bounce:                0 kB
WritebackTmp:          0 kB
CommitLimit:     9930840 kB
Committed_AS:    5448776 kB
VmallocTotal:   34359738367 kB
VmallocUsed:      359008 kB
VmallocChunk:   34359357071 kB
HardwareCorrupted:     0 kB
AnonHugePages:         0 kB
HugePages_Total:       0
HugePages_Free:        0
HugePages_Rsvd:        0
HugePages_Surp:        0
Hugepagesize:       2048 kB
DirectMap4k:       55296 kB
DirectMap2M:     3981312 kB


CPU:total 4 (2 cores per cpu, 2 threads per core) family 6 model 42 stepping 7, cmov, cx8, fxsr, mmx, sse, sse2, sse3, ssse3, sse4.1, sse4.2, popcnt, avx, ht, tsc, tscinvbit

/proc/cpuinfo:
processor	: 0
vendor_id	: GenuineIntel
cpu family	: 6
model		: 42
model name	: Intel(R) Core(TM) i3-2348M CPU @ 2.30GHz
stepping	: 7
microcode	: 0x28
cpu MHz		: 1100.000
cache size	: 3072 KB
physical id	: 0
siblings	: 4
core id		: 0
cpu cores	: 2
apicid		: 0
initial apicid	: 0
fpu		: yes
fpu_exception	: yes
cpuid level	: 13
wp		: yes
flags		: fpu vme de pse tsc msr pae mce cx8 apic sep mtrr pge mca cmov pat pse36 clflush dts acpi mmx fxsr sse sse2 ss ht tm pbe syscall nx rdtscp lm constant_tsc arch_perfmon pebs bts rep_good nopl xtopology nonstop_tsc aperfmperf pni pclmulqdq dtes64 monitor ds_cpl vmx est tm2 ssse3 cx16 xtpr pdcm pcid sse4_1 sse4_2 x2apic popcnt tsc_deadline_timer xsave avx lahf_lm arat epb xsaveopt pln pts dtherm tpr_shadow vnmi flexpriority ept vpid
bogomips	: 4589.98
clflush size	: 64
cache_alignment	: 64
address sizes	: 36 bits physical, 48 bits virtual
power management:

processor	: 1
vendor_id	: GenuineIntel
cpu family	: 6
model		: 42
model name	: Intel(R) Core(TM) i3-2348M CPU @ 2.30GHz
stepping	: 7
microcode	: 0x28
cpu MHz		: 2300.000
cache size	: 3072 KB
physical id	: 0
siblings	: 4
core id		: 0
cpu cores	: 2
apicid		: 1
initial apicid	: 1
fpu		: yes
fpu_exception	: yes
cpuid level	: 13
wp		: yes
flags		: fpu vme de pse tsc msr pae mce cx8 apic sep mtrr pge mca cmov pat pse36 clflush dts acpi mmx fxsr sse sse2 ss ht tm pbe syscall nx rdtscp lm constant_tsc arch_perfmon pebs bts rep_good nopl xtopology nonstop_tsc aperfmperf pni pclmulqdq dtes64 monitor ds_cpl vmx est tm2 ssse3 cx16 xtpr pdcm pcid sse4_1 sse4_2 x2apic popcnt tsc_deadline_timer xsave avx lahf_lm arat epb xsaveopt pln pts dtherm tpr_shadow vnmi flexpriority ept vpid
bogomips	: 4589.98
clflush size	: 64
cache_alignment	: 64
address sizes	: 36 bits physical, 48 bits virtual
power management:

processor	: 2
vendor_id	: GenuineIntel
cpu family	: 6
model		: 42
model name	: Intel(R) Core(TM) i3-2348M CPU @ 2.30GHz
stepping	: 7
microcode	: 0x28
cpu MHz		: 800.000
cache size	: 3072 KB
physical id	: 0
siblings	: 4
core id		: 1
cpu cores	: 2
apicid		: 2
initial apicid	: 2
fpu		: yes
fpu_exception	: yes
cpuid level	: 13
wp		: yes
flags		: fpu vme de pse tsc msr pae mce cx8 apic sep mtrr pge mca cmov pat pse36 clflush dts acpi mmx fxsr sse sse2 ss ht tm pbe syscall nx rdtscp lm constant_tsc arch_perfmon pebs bts rep_good nopl xtopology nonstop_tsc aperfmperf pni pclmulqdq dtes64 monitor ds_cpl vmx est tm2 ssse3 cx16 xtpr pdcm pcid sse4_1 sse4_2 x2apic popcnt tsc_deadline_timer xsave avx lahf_lm arat epb xsaveopt pln pts dtherm tpr_shadow vnmi flexpriority ept vpid
bogomips	: 4589.98
clflush size	: 64
cache_alignment	: 64
address sizes	: 36 bits physical, 48 bits virtual
power management:

processor	: 3
vendor_id	: GenuineIntel
cpu family	: 6
model		: 42
model name	: Intel(R) Core(TM) i3-2348M CPU @ 2.30GHz
stepping	: 7
microcode	: 0x28
cpu MHz		: 2300.000
cache size	: 3072 KB
physical id	: 0
siblings	: 4
core id		: 1
cpu cores	: 2
apicid		: 3
initial apicid	: 3
fpu		: yes
fpu_exception	: yes
cpuid level	: 13
wp		: yes
flags		: fpu vme de pse tsc msr pae mce cx8 apic sep mtrr pge mca cmov pat pse36 clflush dts acpi mmx fxsr sse sse2 ss ht tm pbe syscall nx rdtscp lm constant_tsc arch_perfmon pebs bts rep_good nopl xtopology nonstop_tsc aperfmperf pni pclmulqdq dtes64 monitor ds_cpl vmx est tm2 ssse3 cx16 xtpr pdcm pcid sse4_1 sse4_2 x2apic popcnt tsc_deadline_timer xsave avx lahf_lm arat epb xsaveopt pln pts dtherm tpr_shadow vnmi flexpriority ept vpid
bogomips	: 4589.98
clflush size	: 64
cache_alignment	: 64
address sizes	: 36 bits physical, 48 bits virtual
power management:



Memory: 4k page, physical 3862712k(485208k free), swap 7999484k(7949316k free)

vm_info: Java HotSpot(TM) 64-Bit Server VM (23.25-b01) for linux-amd64 JRE (1.7.0_25-b15), built on Jun  5 2013 20:48:36 by "java_re" with gcc 4.3.0 20080428 (Red Hat 4.3.0-8)

time: Tue Oct  8 17:58:41 2013
elapsed time: 1705 seconds

