#
# A fatal error has been detected by the Java Runtime Environment:
#
#  SIGSEGV (0xb) at pc=0x0000000000002196, pid=5170, tid=140268680918784
#
# JRE version: 7.0_25-b15
# Java VM: Java HotSpot(TM) 64-Bit Server VM (23.25-b01 mixed mode linux-amd64 compressed oops)
# Problematic frame:
# C  0x0000000000002196
[error occurred during error reporting (printing problematic frame), id 0xb]

# Failed to write core dump. Core dumps have been disabled. To enable core dumping, try "ulimit -c unlimited" before starting Java again
#
# If you would like to submit a bug report, please visit:
#   http://bugreport.sun.com/bugreport/crash.jsp
# The crash happened outside the Java Virtual Machine in native code.
# See problematic frame for where to report the bug.
#

---------------  T H R E A D  ---------------

Current thread (0x00007f929403a800):  JavaThread "Thread-2" [_thread_in_native, id=5197, stack(0x00007f92d8663000,0x00007f92d8e64000)]

siginfo:si_signo=SIGSEGV: si_errno=0, si_code=1 (SEGV_MAPERR), si_addr=0x0000000000002196

Registers:
RAX=0x0000000000000020, RBX=0x00007f9294029130, RCX=0x0000000000000008, RDX=0x00007f9294029124
RSP=0x00007f92d8e62d18, RBP=0x00007f9294029130, RSI=0x00007f9294029130, RDI=0x00007f9294029130
R8 =0x00007f9294029124, R9 =0x00007f92d96f4620, R10=0x00007f929405cff0, R11=0x00007f92f315e4d0
R12=0x0000000000000020, R13=0x0000000000000020, R14=0x00007f9294029118, R15=0x0000000000000008
RIP=0x0000000000002196, EFLAGS=0x0000000000010246, CSGSFS=0x0000000000000033, ERR=0x0000000000000014
  TRAPNO=0x000000000000000e

Top of Stack: (sp=0x00007f92d8e62d18)
0x00007f92d8e62d18:   00007f92d96f4656 00007f9294032040
0x00007f92d8e62d28:   00007f9294030ff0 0000000000000001
0x00007f92d8e62d38:   ffffffffffffffff 0000000000000000
0x00007f92d8e62d48:   00007f9294030fb0 0000000000000000
0x00007f92d8e62d58:   00007f9294030fc8 0000000000000000
0x00007f92d8e62d68:   00007f9294004360 00007f9294030fb0
0x00007f92d8e62d78:   00007f92db2887ec 0000000000000000
0x00007f92d8e62d88:   00007f92940268b0 00007f9294003e80
0x00007f92d8e62d98:   00007f92d8e62e50 00007f9294029130
0x00007f92d8e62da8:   0000000000000020 0000000000000020
0x00007f92d8e62db8:   00007f9294029118 0000000000000008
0x00007f92d8e62dc8:   00007f92db6ab8c3 0000000000000060
0x00007f92d8e62dd8:   00007f92940268b0 00007f9294029124
0x00007f92d8e62de8:   00007f92940042e0 00007f92d96f4620
0x00007f92d8e62df8:   00007f92940268b0 0000000000000003
0x00007f92d8e62e08:   00007f92940268b0 00007f92940042e0
0x00007f92d8e62e18:   0000000000000000 00007f92d96f4620
0x00007f92d8e62e28:   00007f9294029110 0000000000000003
0x00007f92d8e62e38:   00007f92db6ac9bf 0000000000000000
0x00007f92d8e62e48:   00007f92f39e7235 00000008000c0001
0x00007f92d8e62e58:   0000000068720000 00000000008a8817
0x00007f92d8e62e68:   0000000300000000 00007f92940268b0
0x00007f92d8e62e78:   00007f92a0295a70 00007f92f37c6801
0x00007f92d8e62e88:   00007f92e0727c40 00007f92d8e62eb0
0x00007f92d8e62e98:   00007f92d96f45c3 00007f9294028ba0
0x00007f92d8e62ea8:   0000000000000003 00007f929403a9d8
0x00007f92d8e62eb8:   000000010000000d 0000000000000000
0x00007f92d8e62ec8:   0000000000000000 00007f92f37c6880
0x00007f92d8e62ed8:   00007f92d8e639c0 0000000000000000
0x00007f92d8e62ee8:   00007f92f37bce9a 0000000000000000
0x00007f92d8e62ef8:   00007f92d8e63700 0000000000000000
0x00007f92d8e62f08:   0000000000000000 0000000000000000 

Instructions: (pc=0x0000000000002196)
0x0000000000002176:   
[error occurred during error reporting (printing registers, top of stack, instructions near pc), id 0xb]

Register to memory mapping:

RAX=0x0000000000000020 is an unknown value
RBX=0x00007f9294029130 is an unknown value
RCX=0x0000000000000008 is an unknown value
RDX=0x00007f9294029124 is an unknown value
RSP=0x00007f92d8e62d18 is pointing into the stack for thread: 0x00007f929403a800
RBP=0x00007f9294029130 is an unknown value
RSI=0x00007f9294029130 is an unknown value
RDI=0x00007f9294029130 is an unknown value
R8 =0x00007f9294029124 is an unknown value
R9 =
[error occurred during error reporting (printing register info), id 0xb]

Stack: [0x00007f92d8663000,0x00007f92d8e64000],  sp=0x00007f92d8e62d18,  free space=8191k
Native frames: (J=compiled Java code, j=interpreted, Vv=VM code, C=native code)
C  0x0000000000002196
[error occurred during error reporting (printing native stack), id 0xb]


---------------  P R O C E S S  ---------------

Java Threads: ( => current thread )
  0x00007f92a029e800 JavaThread "Timer-0" [_thread_blocked, id=5199, stack(0x00007f92d8562000,0x00007f92d8663000)]
  0x00007f92a0294000 JavaThread "Thread-4" [_thread_blocked, id=5198, stack(0x00007f92da660000,0x00007f92da761000)]
=>0x00007f929403a800 JavaThread "Thread-2" [_thread_in_native, id=5197, stack(0x00007f92d8663000,0x00007f92d8e64000)]
  0x00007f92a00c1800 JavaThread "TimerQueue" daemon [_thread_blocked, id=5191, stack(0x00007f92d9b45000,0x00007f92d9c46000)]
  0x00007f92ec00a000 JavaThread "DestroyJavaVM" [_thread_blocked, id=5171, stack(0x00007f92f3acd000,0x00007f92f3bce000)]
  0x00007f92ec2c3000 JavaThread "Thread-1" daemon [_thread_blocked, id=5190, stack(0x00007f92da55f000,0x00007f92da660000)]
  0x00007f92ec2bb000 JavaThread "AWT-EventQueue-0" [_thread_blocked, id=5188, stack(0x00007f92da761000,0x00007f92da862000)]
  0x00007f92ec2b7800 JavaThread "AWT-Shutdown" [_thread_blocked, id=5187, stack(0x00007f92da862000,0x00007f92da963000)]
  0x00007f92ec26f000 JavaThread "AWT-XAWT" daemon [_thread_in_native, id=5186, stack(0x00007f92da963000,0x00007f92daa64000)]
  0x00007f92ec242800 JavaThread "Java2D Disposer" daemon [_thread_blocked, id=5185, stack(0x00007f92e00ff000,0x00007f92e0200000)]
  0x00007f92ec18f000 JavaThread "Monitor Ctrl-Break" daemon [_thread_in_native, id=5184, stack(0x00007f92e093e000,0x00007f92e0a3f000)]
  0x00007f92ec0f2800 JavaThread "Service Thread" daemon [_thread_blocked, id=5182, stack(0x00007f92e0dd1000,0x00007f92e0ed2000)]
  0x00007f92ec0f0000 JavaThread "C2 CompilerThread1" daemon [_thread_blocked, id=5181, stack(0x00007f92e0ed2000,0x00007f92e0fd3000)]
  0x00007f92ec0ed000 JavaThread "C2 CompilerThread0" daemon [_thread_blocked, id=5180, stack(0x00007f92e0fd3000,0x00007f92e10d4000)]
  0x00007f92ec0eb000 JavaThread "Signal Dispatcher" daemon [_thread_blocked, id=5179, stack(0x00007f92e10d4000,0x00007f92e11d5000)]
  0x00007f92ec09d000 JavaThread "Finalizer" daemon [_thread_blocked, id=5178, stack(0x00007f92e19ea000,0x00007f92e1aeb000)]
  0x00007f92ec09b000 JavaThread "Reference Handler" daemon [_thread_blocked, id=5177, stack(0x00007f92e1aeb000,0x00007f92e1bec000)]

Other Threads:
  0x00007f92ec093000 VMThread [stack: 0x00007f92e1bec000,0x00007f92e1ced000] [id=5176]
  0x00007f92ec0fd000 WatcherThread [stack: 0x00007f92e0cd0000,0x00007f92e0dd1000] [id=5183]

VM state:not at safepoint (normal execution)

VM Mutex/Monitor currently owned by a thread: None

Heap
 PSYoungGen      total 17600K, used 4832K [0x00000000ec560000, 0x00000000ed900000, 0x0000000100000000)
  eden space 15104K, 15% used [0x00000000ec560000,0x00000000ec7abab8,0x00000000ed420000)
  from space 2496K, 99% used [0x00000000ed690000,0x00000000ed8fc590,0x00000000ed900000)
  to   space 2496K, 0% used [0x00000000ed420000,0x00000000ed420000,0x00000000ed690000)
 ParOldGen       total 40320K, used 3105K [0x00000000c5000000, 0x00000000c7760000, 0x00000000ec560000)
  object space 40320K, 7% used [0x00000000c5000000,0x00000000c53085b8,0x00000000c7760000)
 PSPermGen       total 21248K, used 19459K [0x00000000bfe00000, 0x00000000c12c0000, 0x00000000c5000000)
  object space 21248K, 91% used [0x00000000bfe00000,0x00000000c1100d18,0x00000000c12c0000)

Card table byte_map: [0x00007f92f0d25000,0x00007f92f0f27000] byte_map_base: 0x00007f92f0726000

Polling page: 0x00007f92f3bf1000

Code Cache  [0x00007f92e9000000, 0x00007f92e9270000, 0x00007f92ec000000)
 total_blobs=654 nmethods=132 adapters=474 free_code_cache=48300Kb largest_free_block=49436032

Compilation events (10 events):
Event: 189.581 Thread 0x00007f92ec0f0000  124             org.jnativehook.GlobalScreen::processMouseEvent (172 bytes)
Event: 189.593 Thread 0x00007f92ec0f0000 nmethod 124 0x00007f92e90d3e90 code [0x00007f92e90d4080, 0x00007f92e90d4680]
Event: 285.744 Thread 0x00007f92ec0f0000  126             java.lang.Long::compareTo (12 bytes)
Event: 285.744 Thread 0x00007f92ec0ed000  125             java.util.TreeMap::getEntry (84 bytes)
Event: 285.746 Thread 0x00007f92ec0f0000 nmethod 126 0x00007f92e90d3c50 code [0x00007f92e90d3d80, 0x00007f92e90d3df8]
Event: 285.746 Thread 0x00007f92ec0f0000  127             java.lang.Long::compare (22 bytes)
Event: 285.746 Thread 0x00007f92ec0f0000 nmethod 127 0x00007f92e90d2ad0 code [0x00007f92e90d2c00, 0x00007f92e90d2c58]
Event: 285.746 Thread 0x00007f92ec0f0000  128             java.lang.Long::compareTo (9 bytes)
Event: 285.747 Thread 0x00007f92ec0f0000 nmethod 128 0x00007f92e90d60d0 code [0x00007f92e90d6220, 0x00007f92e90d62d8]
Event: 285.758 Thread 0x00007f92ec0ed000 nmethod 125 0x00007f92e90d7450 code [0x00007f92e90d75c0, 0x00007f92e90d78e8]

GC Heap History (4 events):
Event: 33.743 GC heap before
{Heap before GC invocations=1 (full 0):
 PSYoungGen      total 17600K, used 15104K [0x00000000ec560000, 0x00000000ed900000, 0x0000000100000000)
  eden space 15104K, 100% used [0x00000000ec560000,0x00000000ed420000,0x00000000ed420000)
  from space 2496K, 0% used [0x00000000ed690000,0x00000000ed690000,0x00000000ed900000)
  to   space 2496K, 0% used [0x00000000ed420000,0x00000000ed420000,0x00000000ed690000)
 ParOldGen       total 40320K, used 0K [0x00000000c5000000, 0x00000000c7760000, 0x00000000ec560000)
  object space 40320K, 0% used [0x00000000c5000000,0x00000000c5000000,0x00000000c7760000)
 PSPermGen       total 21248K, used 14696K [0x00000000bfe00000, 0x00000000c12c0000, 0x00000000c5000000)
  object space 21248K, 69% used [0x00000000bfe00000,0x00000000c0c5a340,0x00000000c12c0000)
Event: 33.752 GC heap after
Heap after GC invocations=1 (full 0):
 PSYoungGen      total 17600K, used 2468K [0x00000000ec560000, 0x00000000ed900000, 0x0000000100000000)
  eden space 15104K, 0% used [0x00000000ec560000,0x00000000ec560000,0x00000000ed420000)
  from space 2496K, 98% used [0x00000000ed420000,0x00000000ed689040,0x00000000ed690000)
  to   space 2496K, 0% used [0x00000000ed690000,0x00000000ed690000,0x00000000ed900000)
 ParOldGen       total 40320K, used 798K [0x00000000c5000000, 0x00000000c7760000, 0x00000000ec560000)
  object space 40320K, 1% used [0x00000000c5000000,0x00000000c50c7940,0x00000000c7760000)
 PSPermGen       total 21248K, used 14696K [0x00000000bfe00000, 0x00000000c12c0000, 0x00000000c5000000)
  object space 21248K, 69% used [0x00000000bfe00000,0x00000000c0c5a340,0x00000000c12c0000)
}
Event: 36.842 GC heap before
{Heap before GC invocations=2 (full 0):
 PSYoungGen      total 17600K, used 17572K [0x00000000ec560000, 0x00000000ed900000, 0x0000000100000000)
  eden space 15104K, 100% used [0x00000000ec560000,0x00000000ed420000,0x00000000ed420000)
  from space 2496K, 98% used [0x00000000ed420000,0x00000000ed689040,0x00000000ed690000)
  to   space 2496K, 0% used [0x00000000ed690000,0x00000000ed690000,0x00000000ed900000)
 ParOldGen       total 40320K, used 798K [0x00000000c5000000, 0x00000000c7760000, 0x00000000ec560000)
  object space 40320K, 1% used [0x00000000c5000000,0x00000000c50c7940,0x00000000c7760000)
 PSPermGen       total 21248K, used 19368K [0x00000000bfe00000, 0x00000000c12c0000, 0x00000000c5000000)
  object space 21248K, 91% used [0x00000000bfe00000,0x00000000c10ea258,0x00000000c12c0000)
Event: 36.857 GC heap after
Heap after GC invocations=2 (full 0):
 PSYoungGen      total 17600K, used 2481K [0x00000000ec560000, 0x00000000ed900000, 0x0000000100000000)
  eden space 15104K, 0% used [0x00000000ec560000,0x00000000ec560000,0x00000000ed420000)
  from space 2496K, 99% used [0x00000000ed690000,0x00000000ed8fc590,0x00000000ed900000)
  to   space 2496K, 0% used [0x00000000ed420000,0x00000000ed420000,0x00000000ed690000)
 ParOldGen       total 40320K, used 3105K [0x00000000c5000000, 0x00000000c7760000, 0x00000000ec560000)
  object space 40320K, 7% used [0x00000000c5000000,0x00000000c53085b8,0x00000000c7760000)
 PSPermGen       total 21248K, used 19368K [0x00000000bfe00000, 0x00000000c12c0000, 0x00000000c5000000)
  object space 21248K, 91% used [0x00000000bfe00000,0x00000000c10ea258,0x00000000c12c0000)
}

Deoptimization events (10 events):
Event: 33.919 Thread 0x00007f92ec2bb000 Uncommon trap -58 fr.pc 0x00007f92e908da28
Event: 33.919 Thread 0x00007f92ec2bb000 Uncommon trap -58 fr.pc 0x00007f92e908da28
Event: 34.580 Thread 0x00007f92ec2bb000 Uncommon trap -58 fr.pc 0x00007f92e908da28
Event: 34.580 Thread 0x00007f92ec2bb000 Uncommon trap -58 fr.pc 0x00007f92e908da28
Event: 34.951 Thread 0x00007f92ec2bb000 Uncommon trap -83 fr.pc 0x00007f92e90cc80c
Event: 36.556 Thread 0x00007f92ec2bb000 Uncommon trap -58 fr.pc 0x00007f92e90b4c48
Event: 112.461 Thread 0x00007f929403a800 Uncommon trap -42 fr.pc 0x00007f92e90d3540
Event: 112.469 Thread 0x00007f929403a800 Uncommon trap -42 fr.pc 0x00007f92e90d3540
Event: 112.477 Thread 0x00007f929403a800 Uncommon trap -42 fr.pc 0x00007f92e90d3540
Event: 112.485 Thread 0x00007f929403a800 Uncommon trap -42 fr.pc 0x00007f92e90d3540

Internal exceptions (10 events):
Event: 36.865 Thread 0x00007f92ec2bb000 Threw 0x00000000ec58d730 at /HUDSON/workspace/jdk7u25-2-build-linux-amd64-product/jdk7u25/hotspot/src/share/vm/prims/jvm.cpp:1235
Event: 36.867 Thread 0x00007f92ec2bb000 Threw 0x00000000ec5921e0 at /HUDSON/workspace/jdk7u25-2-build-linux-amd64-product/jdk7u25/hotspot/src/share/vm/prims/jvm.cpp:1235
Event: 36.871 Thread 0x00007f92ec2bb000 Threw 0x00000000ec595d30 at /HUDSON/workspace/jdk7u25-2-build-linux-amd64-product/jdk7u25/hotspot/src/share/vm/prims/jvm.cpp:1235
Event: 36.873 Thread 0x00007f92ec2bb000 Threw 0x00000000ec599cc8 at /HUDSON/workspace/jdk7u25-2-build-linux-amd64-product/jdk7u25/hotspot/src/share/vm/prims/jvm.cpp:1235
Event: 36.883 Thread 0x00007f92ec2bb000 Threw 0x00000000ec59d5a0 at /HUDSON/workspace/jdk7u25-2-build-linux-amd64-product/jdk7u25/hotspot/src/share/vm/prims/jvm.cpp:1235
Event: 36.889 Thread 0x00007f92ec2bb000 Threw 0x00000000ec5a24c0 at /HUDSON/workspace/jdk7u25-2-build-linux-amd64-product/jdk7u25/hotspot/src/share/vm/prims/jvm.cpp:1235
Event: 36.890 Thread 0x00007f92ec2bb000 Threw 0x00000000ec5ba388 at /HUDSON/workspace/jdk7u25-2-build-linux-amd64-product/jdk7u25/hotspot/src/share/vm/prims/jvm.cpp:1235
Event: 36.891 Thread 0x00007f92ec2bb000 Threw 0x00000000ec5ff2d8 at /HUDSON/workspace/jdk7u25-2-build-linux-amd64-product/jdk7u25/hotspot/src/share/vm/prims/jvm.cpp:1235
Event: 38.605 Thread 0x00007f92ec2bb000 Threw 0x00000000ec677188 at /HUDSON/workspace/jdk7u25-2-build-linux-amd64-product/jdk7u25/hotspot/src/share/vm/prims/jni.cpp:742
Event: 40.920 Thread 0x00007f929403a800 Threw 0x00000000ec5e75d0 at /HUDSON/workspace/jdk7u25-2-build-linux-amd64-product/jdk7u25/hotspot/src/share/vm/prims/jvm.cpp:1235

Events (10 events):
Event: 112.461 Thread 0x00007f929403a800 DEOPT PACKING pc=0x00007f92e90d3540 sp=0x00007f92d8e62770
Event: 112.461 Thread 0x00007f929403a800 DEOPT UNPACKING pc=0x00007f92e9039145 sp=0x00007f92d8e62720 mode 2
Event: 112.469 Thread 0x00007f929403a800 DEOPT PACKING pc=0x00007f92e90d3540 sp=0x00007f92d8e62770
Event: 112.469 Thread 0x00007f929403a800 DEOPT UNPACKING pc=0x00007f92e9039145 sp=0x00007f92d8e62720 mode 2
Event: 112.477 Thread 0x00007f929403a800 DEOPT PACKING pc=0x00007f92e90d3540 sp=0x00007f92d8e62770
Event: 112.477 Thread 0x00007f929403a800 DEOPT UNPACKING pc=0x00007f92e9039145 sp=0x00007f92d8e62720 mode 2
Event: 112.485 Thread 0x00007f929403a800 DEOPT PACKING pc=0x00007f92e90d3540 sp=0x00007f92d8e62770
Event: 112.485 Thread 0x00007f929403a800 DEOPT UNPACKING pc=0x00007f92e9039145 sp=0x00007f92d8e62720 mode 2
Event: 284.583 loading class 0x00007f92ec2f1e50
Event: 284.624 loading class 0x00007f92ec2f1e50 done


Dynamic libraries:
00400000-00401000 r-xp 00000000 08:05 4983184                            /usr/lib/jvm/jdk1.7.0_25/bin/java
00600000-00601000 rw-p 00000000 08:05 4983184                            /usr/lib/jvm/jdk1.7.0_25/bin/java
00b92000-00bb3000 rw-p 00000000 00:00 0                                  [heap]
bfe00000-c12c0000 rw-p 00000000 00:00 0 
c12c0000-c5000000 rw-p 00000000 00:00 0 
c5000000-c7760000 rw-p 00000000 00:00 0 
c7760000-ec560000 rw-p 00000000 00:00 0 
ec560000-ed900000 rw-p 00000000 00:00 0 
ed900000-100000000 rw-p 00000000 00:00 0 
7f9284000000-7f9284021000 rw-p 00000000 00:00 0 
7f9284021000-7f9288000000 ---p 00000000 00:00 0 
7f928c000000-7f928c021000 rw-p 00000000 00:00 0 
7f928c021000-7f9290000000 ---p 00000000 00:00 0 
7f9290000000-7f9290021000 rw-p 00000000 00:00 0 
7f9290021000-7f9294000000 ---p 00000000 00:00 0 
7f9294000000-7f92941fa000 rw-p 00000000 00:00 0 
7f92941fa000-7f9298000000 ---p 00000000 00:00 0 
7f9298000000-7f9298021000 rw-p 00000000 00:00 0 
7f9298021000-7f929c000000 ---p 00000000 00:00 0 
7f929c000000-7f929c021000 rw-p 00000000 00:00 0 
7f929c021000-7f92a0000000 ---p 00000000 00:00 0 
7f92a0000000-7f92a02ab000 rw-p 00000000 00:00 0 
7f92a02ab000-7f92a4000000 ---p 00000000 00:00 0 
7f92a4000000-7f92a4021000 rw-p 00000000 00:00 0 
7f92a4021000-7f92a8000000 ---p 00000000 00:00 0 
7f92a8000000-7f92a8021000 rw-p 00000000 00:00 0 
7f92a8021000-7f92ac000000 ---p 00000000 00:00 0 
7f92ac000000-7f92ac021000 rw-p 00000000 00:00 0 
7f92ac021000-7f92b0000000 ---p 00000000 00:00 0 
7f92b0000000-7f92b0021000 rw-p 00000000 00:00 0 
7f92b0021000-7f92b4000000 ---p 00000000 00:00 0 
7f92b4000000-7f92b44ec000 rw-p 00000000 00:00 0 
7f92b44ec000-7f92b8000000 ---p 00000000 00:00 0 
7f92b8000000-7f92b8021000 rw-p 00000000 00:00 0 
7f92b8021000-7f92bc000000 ---p 00000000 00:00 0 
7f92bc000000-7f92bc021000 rw-p 00000000 00:00 0 
7f92bc021000-7f92c0000000 ---p 00000000 00:00 0 
7f92c0000000-7f92c0646000 rw-p 00000000 00:00 0 
7f92c0646000-7f92c4000000 ---p 00000000 00:00 0 
7f92c4000000-7f92c4021000 rw-p 00000000 00:00 0 
7f92c4021000-7f92c8000000 ---p 00000000 00:00 0 
7f92c8000000-7f92c8021000 rw-p 00000000 00:00 0 
7f92c8021000-7f92cc000000 ---p 00000000 00:00 0 
7f92cc000000-7f92cc021000 rw-p 00000000 00:00 0 
7f92cc021000-7f92d0000000 ---p 00000000 00:00 0 
7f92d0000000-7f92d0021000 rw-p 00000000 00:00 0 
7f92d0021000-7f92d4000000 ---p 00000000 00:00 0 
7f92d4000000-7f92d4021000 rw-p 00000000 00:00 0 
7f92d4021000-7f92d8000000 ---p 00000000 00:00 0 
7f92d8562000-7f92d8565000 ---p 00000000 00:00 0 
7f92d8565000-7f92d8663000 rw-p 00000000 00:00 0                          [stack:5199]
7f92d8663000-7f92d8666000 ---p 00000000 00:00 0 
7f92d8666000-7f92d8e64000 rw-p 00000000 00:00 0                          [stack:5197]
7f92d8e64000-7f92d8e68000 r-xp 00000000 08:05 11538065                   /lib/x86_64-linux-gnu/libuuid.so.1.3.0
7f92d8e68000-7f92d9067000 ---p 00004000 08:05 11538065                   /lib/x86_64-linux-gnu/libuuid.so.1.3.0
7f92d9067000-7f92d9068000 r--p 00003000 08:05 11538065                   /lib/x86_64-linux-gnu/libuuid.so.1.3.0
7f92d9068000-7f92d9069000 rw-p 00004000 08:05 11538065                   /lib/x86_64-linux-gnu/libuuid.so.1.3.0
7f92d9069000-7f92d907f000 r-xp 00000000 08:05 531404                     /usr/lib/x86_64-linux-gnu/libICE.so.6.3.0
7f92d907f000-7f92d927e000 ---p 00016000 08:05 531404                     /usr/lib/x86_64-linux-gnu/libICE.so.6.3.0
7f92d927e000-7f92d927f000 r--p 00015000 08:05 531404                     /usr/lib/x86_64-linux-gnu/libICE.so.6.3.0
7f92d927f000-7f92d9280000 rw-p 00016000 08:05 531404                     /usr/lib/x86_64-linux-gnu/libICE.so.6.3.0
7f92d9280000-7f92d9283000 rw-p 00000000 00:00 0 
7f92d9283000-7f92d928a000 r-xp 00000000 08:05 531445                     /usr/lib/x86_64-linux-gnu/libSM.so.6.0.1
7f92d928a000-7f92d9489000 ---p 00007000 08:05 531445                     /usr/lib/x86_64-linux-gnu/libSM.so.6.0.1
7f92d9489000-7f92d948a000 r--p 00006000 08:05 531445                     /usr/lib/x86_64-linux-gnu/libSM.so.6.0.1
7f92d948a000-7f92d948b000 rw-p 00007000 08:05 531445                     /usr/lib/x86_64-linux-gnu/libSM.so.6.0.1
7f92d948b000-7f92d94ea000 r-xp 00000000 08:05 528976                     /usr/lib/x86_64-linux-gnu/libXt.so.6.0.0
7f92d94ea000-7f92d96ea000 ---p 0005f000 08:05 528976                     /usr/lib/x86_64-linux-gnu/libXt.so.6.0.0
7f92d96ea000-7f92d96eb000 r--p 0005f000 08:05 528976                     /usr/lib/x86_64-linux-gnu/libXt.so.6.0.0
7f92d96eb000-7f92d96f0000 rw-p 00060000 08:05 528976                     /usr/lib/x86_64-linux-gnu/libXt.so.6.0.0
7f92d96f0000-7f92d96f1000 rw-p 00000000 00:00 0 
7f92d96f1000-7f92d96fd000 r-xp 00000000 08:05 3676315                    /tmp/libJNativeHook.so (deleted)
7f92d96fd000-7f92d98fc000 ---p 0000c000 08:05 3676315                    /tmp/libJNativeHook.so (deleted)
7f92d98fc000-7f92d98fd000 r--p 0000b000 08:05 3676315                    /tmp/libJNativeHook.so (deleted)
7f92d98fd000-7f92d98fe000 rw-p 0000c000 08:05 3676315                    /tmp/libJNativeHook.so (deleted)
7f92d98fe000-7f92d9930000 r-xp 00000000 08:05 4984094                    /usr/lib/jvm/jdk1.7.0_25/jre/lib/amd64/libsunec.so
7f92d9930000-7f92d9b2f000 ---p 00032000 08:05 4984094                    /usr/lib/jvm/jdk1.7.0_25/jre/lib/amd64/libsunec.so
7f92d9b2f000-7f92d9b35000 rw-p 00031000 08:05 4984094                    /usr/lib/jvm/jdk1.7.0_25/jre/lib/amd64/libsunec.so
7f92d9b35000-7f92d9b45000 rw-p 00000000 00:00 0 
7f92d9b45000-7f92d9b48000 ---p 00000000 00:00 0 
7f92d9b48000-7f92d9c46000 rw-p 00000000 00:00 0                          [stack:5191]
7f92d9c46000-7f92d9cae000 r-xp 00000000 08:05 4984100                    /usr/lib/jvm/jdk1.7.0_25/jre/lib/amd64/libt2k.so
7f92d9cae000-7f92d9ead000 ---p 00068000 08:05 4984100                    /usr/lib/jvm/jdk1.7.0_25/jre/lib/amd64/libt2k.so
7f92d9ead000-7f92d9eb4000 rw-p 00067000 08:05 4984100                    /usr/lib/jvm/jdk1.7.0_25/jre/lib/amd64/libt2k.so
7f92d9eb4000-7f92d9ec4000 rw-p 00000000 00:00 0 
7f92d9ec4000-7f92d9ed9000 r-xp 00000000 08:05 11537979                   /lib/x86_64-linux-gnu/libgcc_s.so.1
7f92d9ed9000-7f92da0d8000 ---p 00015000 08:05 11537979                   /lib/x86_64-linux-gnu/libgcc_s.so.1
7f92da0d8000-7f92da0d9000 r--p 00014000 08:05 11537979                   /lib/x86_64-linux-gnu/libgcc_s.so.1
7f92da0d9000-7f92da0da000 rw-p 00015000 08:05 11537979                   /lib/x86_64-linux-gnu/libgcc_s.so.1
7f92da0da000-7f92da13a000 r-xp 00000000 08:05 4984128                    /usr/lib/jvm/jdk1.7.0_25/jre/lib/amd64/libfontmanager.so
7f92da13a000-7f92da339000 ---p 00060000 08:05 4984128                    /usr/lib/jvm/jdk1.7.0_25/jre/lib/amd64/libfontmanager.so
7f92da339000-7f92da33d000 rw-p 0005f000 08:05 4984128                    /usr/lib/jvm/jdk1.7.0_25/jre/lib/amd64/libfontmanager.so
7f92da33d000-7f92da34e000 rw-p 00000000 00:00 0 
7f92da34e000-7f92da35e000 r-xp 00000000 08:05 4984135                    /usr/lib/jvm/jdk1.7.0_25/jre/lib/amd64/libnio.so
7f92da35e000-7f92da55e000 ---p 00010000 08:05 4984135                    /usr/lib/jvm/jdk1.7.0_25/jre/lib/amd64/libnio.so
7f92da55e000-7f92da55f000 rw-p 00010000 08:05 4984135                    /usr/lib/jvm/jdk1.7.0_25/jre/lib/amd64/libnio.so
7f92da55f000-7f92da562000 ---p 00000000 00:00 0 
7f92da562000-7f92da660000 rw-p 00000000 00:00 0                          [stack:5190]
7f92da660000-7f92da663000 ---p 00000000 00:00 0 
7f92da663000-7f92da761000 rw-p 00000000 00:00 0                          [stack:5198]
7f92da761000-7f92da764000 ---p 00000000 00:00 0 
7f92da764000-7f92da862000 rw-p 00000000 00:00 0                          [stack:5188]
7f92da862000-7f92da865000 ---p 00000000 00:00 0 
7f92da865000-7f92da963000 rw-p 00000000 00:00 0                          [stack:5187]
7f92da963000-7f92da966000 ---p 00000000 00:00 0 
7f92da966000-7f92daa64000 rw-p 00000000 00:00 0                          [stack:5186]
7f92daa64000-7f92daa69000 r-xp 00000000 08:05 526342                     /usr/lib/x86_64-linux-gnu/libXfixes.so.3.1.0
7f92daa69000-7f92dac68000 ---p 00005000 08:05 526342                     /usr/lib/x86_64-linux-gnu/libXfixes.so.3.1.0
7f92dac68000-7f92dac69000 r--p 00004000 08:05 526342                     /usr/lib/x86_64-linux-gnu/libXfixes.so.3.1.0
7f92dac69000-7f92dac6a000 rw-p 00005000 08:05 526342                     /usr/lib/x86_64-linux-gnu/libXfixes.so.3.1.0
7f92dac6a000-7f92dac73000 r-xp 00000000 08:05 528970                     /usr/lib/x86_64-linux-gnu/libXcursor.so.1.0.2
7f92dac73000-7f92dae72000 ---p 00009000 08:05 528970                     /usr/lib/x86_64-linux-gnu/libXcursor.so.1.0.2
7f92dae72000-7f92dae73000 r--p 00008000 08:05 528970                     /usr/lib/x86_64-linux-gnu/libXcursor.so.1.0.2
7f92dae73000-7f92dae74000 rw-p 00009000 08:05 528970                     /usr/lib/x86_64-linux-gnu/libXcursor.so.1.0.2
7f92dae74000-7f92dae79000 r-xp 00000000 08:05 531462                     /usr/lib/x86_64-linux-gnu/libXdmcp.so.6.0.0
7f92dae79000-7f92db078000 ---p 00005000 08:05 531462                     /usr/lib/x86_64-linux-gnu/libXdmcp.so.6.0.0
7f92db078000-7f92db079000 r--p 00004000 08:05 531462                     /usr/lib/x86_64-linux-gnu/libXdmcp.so.6.0.0
7f92db079000-7f92db07a000 rw-p 00005000 08:05 531462                     /usr/lib/x86_64-linux-gnu/libXdmcp.so.6.0.0
7f92db07a000-7f92db07c000 r-xp 00000000 08:05 531451                     /usr/lib/x86_64-linux-gnu/libXau.so.6.0.0
7f92db07c000-7f92db27b000 ---p 00002000 08:05 531451                     /usr/lib/x86_64-linux-gnu/libXau.so.6.0.0
7f92db27b000-7f92db27c000 r--p 00001000 08:05 531451                     /usr/lib/x86_64-linux-gnu/libXau.so.6.0.0
7f92db27c000-7f92db27d000 rw-p 00002000 08:05 531451                     /usr/lib/x86_64-linux-gnu/libXau.so.6.0.0
7f92db27d000-7f92db29a000 r-xp 00000000 08:05 526241                     /usr/lib/x86_64-linux-gnu/libxcb.so.1.1.0
7f92db29a000-7f92db499000 ---p 0001d000 08:05 526241                     /usr/lib/x86_64-linux-gnu/libxcb.so.1.1.0
7f92db499000-7f92db49a000 r--p 0001c000 08:05 526241                     /usr/lib/x86_64-linux-gnu/libxcb.so.1.1.0
7f92db49a000-7f92db49b000 rw-p 0001d000 08:05 526241                     /usr/lib/x86_64-linux-gnu/libxcb.so.1.1.0
7f92db49b000-7f92db4a9000 r-xp 00000000 08:05 526265                     /usr/lib/x86_64-linux-gnu/libXi.so.6.1.0
7f92db4a9000-7f92db6a8000 ---p 0000e000 08:05 526265                     /usr/lib/x86_64-linux-gnu/libXi.so.6.1.0
7f92db6a8000-7f92db6a9000 r--p 0000d000 08:05 526265                     /usr/lib/x86_64-linux-gnu/libXi.so.6.1.0
7f92db6a9000-7f92db6aa000 rw-p 0000e000 08:05 526265                     /usr/lib/x86_64-linux-gnu/libXi.so.6.1.0
7f92db6aa000-7f92db6af000 r-xp 00000000 08:05 528978                     /usr/lib/x86_64-linux-gnu/libXtst.so.6.1.0
7f92db6af000-7f92db8ae000 ---p 00005000 08:05 528978                     /usr/lib/x86_64-linux-gnu/libXtst.so.6.1.0
7f92db8ae000-7f92db8af000 r--p 00004000 08:05 528978                     /usr/lib/x86_64-linux-gnu/libXtst.so.6.1.0
7f92db8af000-7f92db8b0000 rw-p 00005000 08:05 528978                     /usr/lib/x86_64-linux-gnu/libXtst.so.6.1.0
7f92db8b0000-7f92db8b9000 r-xp 00000000 08:05 526415                     /usr/lib/x86_64-linux-gnu/libXrender.so.1.3.0
7f92db8b9000-7f92dbab8000 ---p 00009000 08:05 526415                     /usr/lib/x86_64-linux-gnu/libXrender.so.1.3.0
7f92dbab8000-7f92dbab9000 r--p 00008000 08:05 526415                     /usr/lib/x86_64-linux-gnu/libXrender.so.1.3.0
7f92dbab9000-7f92dbaba000 rw-p 00009000 08:05 526415                     /usr/lib/x86_64-linux-gnu/libXrender.so.1.3.0
7f92dbaba000-7f92dbbea000 r-xp 00000000 08:05 526243                     /usr/lib/x86_64-linux-gnu/libX11.so.6.3.0
7f92dbbea000-7f92dbdea000 ---p 00130000 08:05 526243                     /usr/lib/x86_64-linux-gnu/libX11.so.6.3.0
7f92dbdea000-7f92dbdeb000 r--p 00130000 08:05 526243                     /usr/lib/x86_64-linux-gnu/libX11.so.6.3.0
7f92dbdeb000-7f92dbdef000 rw-p 00131000 08:05 526243                     /usr/lib/x86_64-linux-gnu/libX11.so.6.3.0
7f92dbdef000-7f92dbdff000 r-xp 00000000 08:05 526263                     /usr/lib/x86_64-linux-gnu/libXext.so.6.4.0
7f92dbdff000-7f92dbffe000 ---p 00010000 08:05 526263                     /usr/lib/x86_64-linux-gnu/libXext.so.6.4.0
7f92dbffe000-7f92dbfff000 r--p 0000f000 08:05 526263                     /usr/lib/x86_64-linux-gnu/libXext.so.6.4.0
7f92dbfff000-7f92dc000000 rw-p 00010000 08:05 526263                     /usr/lib/x86_64-linux-gnu/libXext.so.6.4.0
7f92dc000000-7f92dc021000 rw-p 00000000 00:00 0 
7f92dc021000-7f92e0000000 ---p 00000000 00:00 0 
7f92e005d000-7f92e0061000 r--s 0002d000 08:05 4983441                    /usr/lib/jvm/jdk1.7.0_25/jre/lib/ext/sunjce_provider.jar
7f92e0061000-7f92e0062000 r--s 00003000 08:05 4983445                    /usr/lib/jvm/jdk1.7.0_25/jre/lib/ext/sunec.jar
7f92e0062000-7f92e0066000 r--s 00037000 08:05 4983443                    /usr/lib/jvm/jdk1.7.0_25/jre/lib/ext/sunpkcs11.jar
7f92e0066000-7f92e006a000 r--s 0008a000 08:05 4983376                    /usr/lib/jvm/jdk1.7.0_25/jre/lib/jsse.jar
7f92e006a000-7f92e006b000 r--s 00000000 08:05 11796563                   /var/cache/fontconfig/c05880de57d1f5e948fdfacc138775d9-le64.cache-3
7f92e006b000-7f92e0074000 r--s 00000000 08:05 11796558                   /var/cache/fontconfig/945677eb7aeaf62f1d50efc3fb3ec7d8-le64.cache-3
7f92e0074000-7f92e0076000 r--s 00000000 08:05 11796559                   /var/cache/fontconfig/99e8ed0e538f840c565b6ed5dad60d56-le64.cache-3
7f92e0076000-7f92e007e000 r--s 00000000 08:05 11808363                   /var/cache/fontconfig/a6d8cf8e4ec09cdbc8633c31745a07dd-le64.cache-3
7f92e007e000-7f92e0082000 r--s 00000000 08:05 11796545                   /var/cache/fontconfig/2cd17615ca594fa2959ae173292e504c-le64.cache-3
7f92e0082000-7f92e0083000 r--s 00000000 08:05 11796570                   /var/cache/fontconfig/e7071f4a29fa870f4323321c154eba04-le64.cache-3
7f92e0083000-7f92e0084000 r--s 00000000 08:05 11796543                   /var/cache/fontconfig/0d8c3b2ac0904cb8a57a757ad11a4a08-le64.cache-3
7f92e0084000-7f92e008a000 r--s 00000000 08:05 11796560                   /var/cache/fontconfig/a755afe4a08bf5b97852ceb7400b47bc-le64.cache-3
7f92e008a000-7f92e0093000 r--s 00000000 08:05 11805543                   /var/cache/fontconfig/6d41288fd70b0be22e8c3a91e032eec0-le64.cache-3
7f92e0093000-7f92e00a3000 r--s 00000000 08:05 11796542                   /var/cache/fontconfig/04aabc0a78ac019cf9454389977116d2-le64.cache-3
7f92e00a3000-7f92e00a6000 r--s 00000000 08:05 11796548                   /var/cache/fontconfig/385c0604a188198f04d133e54aba7fe7-le64.cache-3
7f92e00a6000-7f92e00a9000 r--s 00000000 08:05 11796557                   /var/cache/fontconfig/8801497958630a81b71ace7c5f9b32a8-le64.cache-3
7f92e00a9000-7f92e00d7000 r--s 00000000 08:05 11803719                   /var/cache/fontconfig/365b55f210c0a22e9a19e35191240f32-le64.cache-3
7f92e00d7000-7f92e00dc000 r--s 00000000 08:05 11796546                   /var/cache/fontconfig/3047814df9a2f067bd2d96a2b9c36e5a-le64.cache-3
7f92e00dc000-7f92e00e1000 r--s 00000000 08:05 11796561                   /var/cache/fontconfig/b47c4e1ecd0709278f4910c18777a504-le64.cache-3
7f92e00e1000-7f92e00e9000 r--s 00000000 08:05 11808359                   /var/cache/fontconfig/52f7bdb7ce746bfd7eaa1985bd9cfa93-le64.cache-3
7f92e00e9000-7f92e00f9000 r--s 00000000 08:05 11796566                   /var/cache/fontconfig/d52a8644073d54c13679302ca1180695-le64.cache-3
7f92e00f9000-7f92e00ff000 r--s 00000000 08:05 11808357                   /var/cache/fontconfig/3f7329c5293ffd510edef78f73874cfd-le64.cache-3
7f92e00ff000-7f92e0102000 ---p 00000000 00:00 0 
7f92e0102000-7f92e0200000 rw-p 00000000 00:00 0                          [stack:5185]
7f92e0200000-7f92e0250000 r-xp 00000000 08:05 4984138                    /usr/lib/jvm/jdk1.7.0_25/jre/lib/amd64/xawt/libmawt.so
7f92e0250000-7f92e0450000 ---p 00050000 08:05 4984138                    /usr/lib/jvm/jdk1.7.0_25/jre/lib/amd64/xawt/libmawt.so
7f92e0450000-7f92e0454000 rw-p 00050000 08:05 4984138                    /usr/lib/jvm/jdk1.7.0_25/jre/lib/amd64/xawt/libmawt.so
7f92e0454000-7f92e0455000 rw-p 00000000 00:00 0 
7f92e0455000-7f92e04f8000 r-xp 00000000 08:05 4984093                    /usr/lib/jvm/jdk1.7.0_25/jre/lib/amd64/libawt.so
7f92e04f8000-7f92e06f8000 ---p 000a3000 08:05 4984093                    /usr/lib/jvm/jdk1.7.0_25/jre/lib/amd64/libawt.so
7f92e06f8000-7f92e0704000 rw-p 000a3000 08:05 4984093                    /usr/lib/jvm/jdk1.7.0_25/jre/lib/amd64/libawt.so
7f92e0704000-7f92e0728000 rw-p 00000000 00:00 0 
7f92e0728000-7f92e073d000 r-xp 00000000 08:05 4984085                    /usr/lib/jvm/jdk1.7.0_25/jre/lib/amd64/libnet.so
7f92e073d000-7f92e093d000 ---p 00015000 08:05 4984085                    /usr/lib/jvm/jdk1.7.0_25/jre/lib/amd64/libnet.so
7f92e093d000-7f92e093e000 rw-p 00015000 08:05 4984085                    /usr/lib/jvm/jdk1.7.0_25/jre/lib/amd64/libnet.so
7f92e093e000-7f92e0941000 ---p 00000000 00:00 0 
7f92e0941000-7f92e0a3f000 rw-p 00000000 00:00 0                          [stack:5184]
7f92e0a3f000-7f92e0a40000 r-xp 00000000 08:06 30147555                   /home/esdp/Desktop/Исабек/idea-IC-129.451/bin/libbreakgen64.so
7f92e0a40000-7f92e0c3f000 ---p 00001000 08:06 30147555                   /home/esdp/Desktop/Исабек/idea-IC-129.451/bin/libbreakgen64.so
7f92e0c3f000-7f92e0c40000 r--p 00000000 08:06 30147555                   /home/esdp/Desktop/Исабек/idea-IC-129.451/bin/libbreakgen64.so
7f92e0c40000-7f92e0c41000 rw-p 00001000 08:06 30147555                   /home/esdp/Desktop/Исабек/idea-IC-129.451/bin/libbreakgen64.so
7f92e0c41000-7f92e0cd0000 r--s 00dd9000 08:05 4983431                    /usr/lib/jvm/jdk1.7.0_25/jre/lib/jfxrt.jar
7f92e0cd0000-7f92e0cd1000 ---p 00000000 00:00 0 
7f92e0cd1000-7f92e0dd1000 rw-p 00000000 00:00 0                          [stack:5183]
7f92e0dd1000-7f92e0dd4000 ---p 00000000 00:00 0 
7f92e0dd4000-7f92e0ed2000 rw-p 00000000 00:00 0                          [stack:5182]
7f92e0ed2000-7f92e0ed5000 ---p 00000000 00:00 0 
7f92e0ed5000-7f92e0fd3000 rw-p 00000000 00:00 0                          [stack:5181]
7f92e0fd3000-7f92e0fd6000 ---p 00000000 00:00 0 
7f92e0fd6000-7f92e10d4000 rw-p 00000000 00:00 0                          [stack:5180]
7f92e10d4000-7f92e10d7000 ---p 00000000 00:00 0 
7f92e10d7000-7f92e11d5000 rw-p 00000000 00:00 0                          [stack:5179]
7f92e11d5000-7f92e19ea000 r--p 00000000 08:05 530792                     /usr/lib/locale/locale-archive
7f92e19ea000-7f92e19ed000 ---p 00000000 00:00 0 
7f92e19ed000-7f92e1aeb000 rw-p 00000000 00:00 0                          [stack:5178]
7f92e1aeb000-7f92e1aee000 ---p 00000000 00:00 0 
7f92e1aee000-7f92e1bec000 rw-p 00000000 00:00 0                          [stack:5177]
7f92e1bec000-7f92e1bed000 ---p 00000000 00:00 0 
7f92e1bed000-7f92e4000000 rw-p 00000000 00:00 0                          [stack:5176]
7f92e4000000-7f92e4021000 rw-p 00000000 00:00 0 
7f92e4021000-7f92e8000000 ---p 00000000 00:00 0 
7f92e8001000-7f92e8002000 r--s 00000000 08:05 11808481                   /var/cache/fontconfig/62f91419b9ebdb6975e7e41ab6412357-le64.cache-3
7f92e8002000-7f92e8005000 r--s 00000000 08:05 11802644                   /var/cache/fontconfig/e13b20fdb08344e0e664864cc2ede53d-le64.cache-3
7f92e8005000-7f92e8009000 r--s 00000000 08:05 11802642                   /var/cache/fontconfig/7ef2298fde41cc6eeb7af42e48b7d293-le64.cache-3
7f92e8009000-7f92e800d000 r--s 000f7000 08:05 4983444                    /usr/lib/jvm/jdk1.7.0_25/jre/lib/ext/localedata.jar
7f92e800d000-7f92e803e000 rw-p 00000000 00:00 0 
7f92e803e000-7f92e8040000 r--s 00013000 08:06 30146924                   /home/esdp/Desktop/Исабек/idea-IC-129.451/lib/idea_rt.jar
7f92e8040000-7f92e8042000 r--s 00005000 08:06 14288875                   /home/khegai/.m2/repository/org/apache/httpcomponents/httpmime/4.2.5/httpmime-4.2.5.jar
7f92e8042000-7f92e8048000 r--s 00033000 08:06 14288850                   /home/khegai/.m2/repository/commons-codec/commons-codec/1.6/commons-codec-1.6.jar
7f92e8048000-7f92e804a000 r--s 0000d000 08:06 14288827                   /home/khegai/.m2/repository/commons-logging/commons-logging/1.1.1/commons-logging-1.1.1.jar
7f92e804a000-7f92e8050000 r--s 00032000 08:06 14288862                   /home/khegai/.m2/repository/org/apache/httpcomponents/httpcore/4.2.4/httpcore-4.2.4.jar
7f92e8050000-7f92e9000000 rw-p 00000000 00:00 0 
7f92e9000000-7f92e9270000 rwxp 00000000 00:00 0 
7f92e9270000-7f92ec49c000 rw-p 00000000 00:00 0 
7f92ec49c000-7f92f0000000 ---p 00000000 00:00 0 
7f92f0000000-7f92f0002000 r--s 00019000 08:05 4983380                    /usr/lib/jvm/jdk1.7.0_25/jre/lib/jce.jar
7f92f0002000-7f92f0003000 r--s 00000000 08:05 11800566                   /var/cache/fontconfig/4794a0821666d79190d59a36cb4f44b5-le64.cache-3
7f92f0003000-7f92f000c000 r--s 00061000 08:06 14288824                   /home/khegai/.m2/repository/org/apache/httpcomponents/httpclient/4.2.5/httpclient-4.2.5.jar
7f92f000c000-7f92f0015000 r--s 00067000 08:05 4983435                    /usr/lib/jvm/jdk1.7.0_25/jre/lib/javaws.jar
7f92f0015000-7f92f001f000 r--s 00371000 08:05 4983355                    /usr/lib/jvm/jdk1.7.0_25/jre/lib/charsets.jar
7f92f001f000-7f92f0036000 r--s 001c2000 08:05 4983524                    /usr/lib/jvm/jdk1.7.0_25/jre/lib/deploy.jar
7f92f0036000-7f92f003a000 r--s 0006d000 08:05 4983433                    /usr/lib/jvm/jdk1.7.0_25/jre/lib/jfr.jar
7f92f003a000-7f92f003e000 r--s 0008a000 08:05 4983376                    /usr/lib/jvm/jdk1.7.0_25/jre/lib/jsse.jar
7f92f003e000-7f92f05d8000 rw-p 00000000 00:00 0 
7f92f05d8000-7f92f0795000 r--s 039f9000 08:05 4983340                    /usr/lib/jvm/jdk1.7.0_25/jre/lib/rt.jar
7f92f0795000-7f92f07bd000 rw-p 00000000 00:00 0 
7f92f07bd000-7f92f07be000 ---p 00000000 00:00 0 
7f92f07be000-7f92f08be000 rw-p 00000000 00:00 0                          [stack:5175]
7f92f08be000-7f92f08bf000 ---p 00000000 00:00 0 
7f92f08bf000-7f92f09bf000 rw-p 00000000 00:00 0                          [stack:5174]
7f92f09bf000-7f92f09c0000 ---p 00000000 00:00 0 
7f92f09c0000-7f92f0ac0000 rw-p 00000000 00:00 0                          [stack:5173]
7f92f0ac0000-7f92f0ac1000 ---p 00000000 00:00 0 
7f92f0ac1000-7f92f0bcc000 rw-p 00000000 00:00 0                          [stack:5172]
7f92f0bcc000-7f92f0bea000 rw-p 00000000 00:00 0 
7f92f0bea000-7f92f0bfe000 rw-p 00000000 00:00 0 
7f92f0bfe000-7f92f0d25000 rw-p 00000000 00:00 0 
7f92f0d25000-7f92f0d30000 rw-p 00000000 00:00 0 
7f92f0d30000-7f92f0d4e000 rw-p 00000000 00:00 0 
7f92f0d4e000-7f92f0d62000 rw-p 00000000 00:00 0 
7f92f0d62000-7f92f0e88000 rw-p 00000000 00:00 0 
7f92f0e88000-7f92f0e93000 rw-p 00000000 00:00 0 
7f92f0e93000-7f92f0f26000 rw-p 00000000 00:00 0 
7f92f0f26000-7f92f0f27000 rw-p 00000000 00:00 0 
7f92f0f27000-7f92f0f42000 r-xp 00000000 08:05 4984110                    /usr/lib/jvm/jdk1.7.0_25/jre/lib/amd64/libzip.so
7f92f0f42000-7f92f1141000 ---p 0001b000 08:05 4984110                    /usr/lib/jvm/jdk1.7.0_25/jre/lib/amd64/libzip.so
7f92f1141000-7f92f1142000 rw-p 0001a000 08:05 4984110                    /usr/lib/jvm/jdk1.7.0_25/jre/lib/amd64/libzip.so
7f92f1142000-7f92f114e000 r-xp 00000000 08:05 11535175                   /lib/x86_64-linux-gnu/libnss_files-2.15.so
7f92f114e000-7f92f134d000 ---p 0000c000 08:05 11535175                   /lib/x86_64-linux-gnu/libnss_files-2.15.so
7f92f134d000-7f92f134e000 r--p 0000b000 08:05 11535175                   /lib/x86_64-linux-gnu/libnss_files-2.15.so
7f92f134e000-7f92f134f000 rw-p 0000c000 08:05 11535175                   /lib/x86_64-linux-gnu/libnss_files-2.15.so
7f92f134f000-7f92f1359000 r-xp 00000000 08:05 11535171                   /lib/x86_64-linux-gnu/libnss_nis-2.15.so
7f92f1359000-7f92f1559000 ---p 0000a000 08:05 11535171                   /lib/x86_64-linux-gnu/libnss_nis-2.15.so
7f92f1559000-7f92f155a000 r--p 0000a000 08:05 11535171                   /lib/x86_64-linux-gnu/libnss_nis-2.15.so
7f92f155a000-7f92f155b000 rw-p 0000b000 08:05 11535171                   /lib/x86_64-linux-gnu/libnss_nis-2.15.so
7f92f155b000-7f92f1572000 r-xp 00000000 08:05 11538172                   /lib/x86_64-linux-gnu/libnsl-2.15.so
7f92f1572000-7f92f1771000 ---p 00017000 08:05 11538172                   /lib/x86_64-linux-gnu/libnsl-2.15.so
7f92f1771000-7f92f1772000 r--p 00016000 08:05 11538172                   /lib/x86_64-linux-gnu/libnsl-2.15.so
7f92f1772000-7f92f1773000 rw-p 00017000 08:05 11538172                   /lib/x86_64-linux-gnu/libnsl-2.15.so
7f92f1773000-7f92f1775000 rw-p 00000000 00:00 0 
7f92f1775000-7f92f177d000 r-xp 00000000 08:05 11535176                   /lib/x86_64-linux-gnu/libnss_compat-2.15.so
7f92f177d000-7f92f197c000 ---p 00008000 08:05 11535176                   /lib/x86_64-linux-gnu/libnss_compat-2.15.so
7f92f197c000-7f92f197d000 r--p 00007000 08:05 11535176                   /lib/x86_64-linux-gnu/libnss_compat-2.15.so
7f92f197d000-7f92f197e000 rw-p 00008000 08:05 11535176                   /lib/x86_64-linux-gnu/libnss_compat-2.15.so
7f92f197e000-7f92f19a7000 r-xp 00000000 08:05 4984101                    /usr/lib/jvm/jdk1.7.0_25/jre/lib/amd64/libjava.so
7f92f19a7000-7f92f1ba7000 ---p 00029000 08:05 4984101                    /usr/lib/jvm/jdk1.7.0_25/jre/lib/amd64/libjava.so
7f92f1ba7000-7f92f1ba9000 rw-p 00029000 08:05 4984101                    /usr/lib/jvm/jdk1.7.0_25/jre/lib/amd64/libjava.so
7f92f1ba9000-7f92f1bb6000 r-xp 00000000 08:05 4984090                    /usr/lib/jvm/jdk1.7.0_25/jre/lib/amd64/libverify.so
7f92f1bb6000-7f92f1db5000 ---p 0000d000 08:05 4984090                    /usr/lib/jvm/jdk1.7.0_25/jre/lib/amd64/libverify.so
7f92f1db5000-7f92f1db7000 rw-p 0000c000 08:05 4984090                    /usr/lib/jvm/jdk1.7.0_25/jre/lib/amd64/libverify.so
7f92f1db7000-7f92f1dbe000 r-xp 00000000 08:05 11535168                   /lib/x86_64-linux-gnu/librt-2.15.so
7f92f1dbe000-7f92f1fbd000 ---p 00007000 08:05 11535168                   /lib/x86_64-linux-gnu/librt-2.15.so
7f92f1fbd000-7f92f1fbe000 r--p 00006000 08:05 11535168                   /lib/x86_64-linux-gnu/librt-2.15.so
7f92f1fbe000-7f92f1fbf000 rw-p 00007000 08:05 11535168                   /lib/x86_64-linux-gnu/librt-2.15.so
7f92f1fbf000-7f92f20ba000 r-xp 00000000 08:05 11535173                   /lib/x86_64-linux-gnu/libm-2.15.so
7f92f20ba000-7f92f22b9000 ---p 000fb000 08:05 11535173                   /lib/x86_64-linux-gnu/libm-2.15.so
7f92f22b9000-7f92f22ba000 r--p 000fa000 08:05 11535173                   /lib/x86_64-linux-gnu/libm-2.15.so
7f92f22ba000-7f92f22bb000 rw-p 000fb000 08:05 11535173                   /lib/x86_64-linux-gnu/libm-2.15.so
7f92f22bb000-7f92f2cfc000 r-xp 00000000 08:05 4984108                    /usr/lib/jvm/jdk1.7.0_25/jre/lib/amd64/server/libjvm.so
7f92f2cfc000-7f92f2efc000 ---p 00a41000 08:05 4984108                    /usr/lib/jvm/jdk1.7.0_25/jre/lib/amd64/server/libjvm.so
7f92f2efc000-7f92f2f9f000 rw-p 00a41000 08:05 4984108                    /usr/lib/jvm/jdk1.7.0_25/jre/lib/amd64/server/libjvm.so
7f92f2f9f000-7f92f2fdb000 rw-p 00000000 00:00 0 
7f92f2fdb000-7f92f3190000 r-xp 00000000 08:05 11535164                   /lib/x86_64-linux-gnu/libc-2.15.so
7f92f3190000-7f92f338f000 ---p 001b5000 08:05 11535164                   /lib/x86_64-linux-gnu/libc-2.15.so
7f92f338f000-7f92f3393000 r--p 001b4000 08:05 11535164                   /lib/x86_64-linux-gnu/libc-2.15.so
7f92f3393000-7f92f3395000 rw-p 001b8000 08:05 11535164                   /lib/x86_64-linux-gnu/libc-2.15.so
7f92f3395000-7f92f339a000 rw-p 00000000 00:00 0 
7f92f339a000-7f92f339c000 r-xp 00000000 08:05 11535163                   /lib/x86_64-linux-gnu/libdl-2.15.so
7f92f339c000-7f92f359c000 ---p 00002000 08:05 11535163                   /lib/x86_64-linux-gnu/libdl-2.15.so
7f92f359c000-7f92f359d000 r--p 00002000 08:05 11535163                   /lib/x86_64-linux-gnu/libdl-2.15.so
7f92f359d000-7f92f359e000 rw-p 00003000 08:05 11535163                   /lib/x86_64-linux-gnu/libdl-2.15.so
7f92f359e000-7f92f35b4000 r-xp 00000000 08:05 4984130                    /usr/lib/jvm/jdk1.7.0_25/jre/lib/amd64/jli/libjli.so
7f92f35b4000-7f92f37b4000 ---p 00016000 08:05 4984130                    /usr/lib/jvm/jdk1.7.0_25/jre/lib/amd64/jli/libjli.so
7f92f37b4000-7f92f37b5000 rw-p 00016000 08:05 4984130                    /usr/lib/jvm/jdk1.7.0_25/jre/lib/amd64/jli/libjli.so
7f92f37b5000-7f92f37cd000 r-xp 00000000 08:05 11535166                   /lib/x86_64-linux-gnu/libpthread-2.15.so
7f92f37cd000-7f92f39cc000 ---p 00018000 08:05 11535166                   /lib/x86_64-linux-gnu/libpthread-2.15.so
7f92f39cc000-7f92f39cd000 r--p 00017000 08:05 11535166                   /lib/x86_64-linux-gnu/libpthread-2.15.so
7f92f39cd000-7f92f39ce000 rw-p 00018000 08:05 11535166                   /lib/x86_64-linux-gnu/libpthread-2.15.so
7f92f39ce000-7f92f39d2000 rw-p 00000000 00:00 0 
7f92f39d2000-7f92f39f4000 r-xp 00000000 08:05 11538167                   /lib/x86_64-linux-gnu/ld-2.15.so
7f92f39f4000-7f92f39f5000 r--s 00000000 08:05 11796551                   /var/cache/fontconfig/56cf4f4769d0f4abc89a4895d7bd3ae1-le64.cache-3
7f92f39f5000-7f92f39f6000 r--s 00000000 08:05 11796562                   /var/cache/fontconfig/b9d506c9ac06c20b433354fa67a72993-le64.cache-3
7f92f39f6000-7f92f39fc000 r--s 0002a000 08:06 14288883                   /home/khegai/.m2/repository/com/jgoodies/jgoodies-binding/2.7.0/jgoodies-binding-2.7.0.jar
7f92f39fc000-7f92f39fe000 r--s 00006000 08:06 14288869                   /home/khegai/.m2/repository/com/jgoodies/jgoodies-common/1.4.0/jgoodies-common-1.4.0.jar
7f92f39fe000-7f92f3a01000 r--s 0001b000 08:06 14288851                   /home/khegai/.m2/repository/com/jgoodies/jgoodies-forms/1.6.0/jgoodies-forms-1.6.0.jar
7f92f3a01000-7f92f3a03000 r--s 00020000 08:06 14812358                   /home/khegai/.m2/repository/org/clojars/eduardoejp/jnativehook/1.1.0rc2/jnativehook-1.1.0rc2.jar
7f92f3a03000-7f92f3a0d000 r--s 00254000 08:05 4983341                    /usr/lib/jvm/jdk1.7.0_25/jre/lib/resources.jar
7f92f3a0d000-7f92f3a17000 rw-p 00000000 00:00 0 
7f92f3a17000-7f92f3acd000 rw-p 00000000 00:00 0 
7f92f3acd000-7f92f3ad0000 ---p 00000000 00:00 0 
7f92f3ad0000-7f92f3bd2000 rw-p 00000000 00:00 0                          [stack:5171]
7f92f3bd2000-7f92f3bd4000 r--s 00019000 08:05 4983380                    /usr/lib/jvm/jdk1.7.0_25/jre/lib/jce.jar
7f92f3bd4000-7f92f3bd5000 r--s 00000000 08:05 4983323                    /usr/lib/jvm/jdk1.7.0_25/jre/lib/management-agent.jar
7f92f3bd5000-7f92f3be8000 r--s 000d3000 08:05 4983538                    /usr/lib/jvm/jdk1.7.0_25/jre/lib/plugin.jar
7f92f3be8000-7f92f3bf0000 rw-s 00000000 08:05 3676314                    /tmp/hsperfdata_khegai/5170
7f92f3bf0000-7f92f3bf1000 rw-p 00000000 00:00 0 
7f92f3bf1000-7f92f3bf2000 r--p 00000000 00:00 0 
7f92f3bf2000-7f92f3bf4000 rw-p 00000000 00:00 0 
7f92f3bf4000-7f92f3bf5000 r--p 00022000 08:05 11538167                   /lib/x86_64-linux-gnu/ld-2.15.so
7f92f3bf5000-7f92f3bf7000 rw-p 00023000 08:05 11538167                   /lib/x86_64-linux-gnu/ld-2.15.so
7fff61792000-7fff617b3000 rw-p 00000000 00:00 0                          [stack]
7fff617ff000-7fff61800000 r-xp 00000000 00:00 0                          [vdso]
ffffffffff600000-ffffffffff601000 r-xp 00000000 00:00 0                  [vsyscall]

VM Arguments:
jvm_args: -Didea.launcher.port=7533 -Didea.launcher.bin.path=/home/esdp/Desktop/Исабек/idea-IC-129.451/bin -Dfile.encoding=UTF-8 
java_command: com.intellij.rt.execution.application.AppMain net.itattractor.Main
Launcher Type: SUN_STANDARD

Environment Variables:
CLASSPATH=/home/esdp/Desktop/Исабек/idea-IC-129.451/bin/../lib/bootstrap.jar:/home/esdp/Desktop/Исабек/idea-IC-129.451/bin/../lib/extensions.jar:/home/esdp/Desktop/Исабек/idea-IC-129.451/bin/../lib/util.jar:/home/esdp/Desktop/Исабек/idea-IC-129.451/bin/../lib/jdom.jar:/home/esdp/Desktop/Исабек/idea-IC-129.451/bin/../lib/log4j.jar:/home/esdp/Desktop/Исабек/idea-IC-129.451/bin/../lib/trove4j.jar:/home/esdp/Desktop/Исабек/idea-IC-129.451/bin/../lib/jna.jar:/usr/java/jdk1.7.0_40/lib/tools.jar
PATH=/usr/local/bin:/usr/bin:/bin:/usr/games
USERNAME=khegai
LD_LIBRARY_PATH=/home/esdp/Desktop/Исабек/idea-IC-129.451/bin:
SHELL=/bin/bash
DISPLAY=:0

Signal Handlers:
SIGSEGV: [libjvm.so+0x8a26a0], sa_mask[0]=0x7ffbfeff, sa_flags=0x10000004
SIGBUS: [libjvm.so+0x8a26a0], sa_mask[0]=0x7ffbfeff, sa_flags=0x10000004
SIGFPE: [libjvm.so+0x73f3d0], sa_mask[0]=0x7ffbfeff, sa_flags=0x10000004
SIGPIPE: [libjvm.so+0x73f3d0], sa_mask[0]=0x7ffbfeff, sa_flags=0x10000004
SIGXFSZ: [libjvm.so+0x73f3d0], sa_mask[0]=0x7ffbfeff, sa_flags=0x10000004
SIGILL: [libjvm.so+0x73f3d0], sa_mask[0]=0x7ffbfeff, sa_flags=0x10000004
SIGUSR1: SIG_DFL, sa_mask[0]=0x00000000, sa_flags=0x00000000
SIGUSR2: [libjvm.so+0x73ed20], sa_mask[0]=0x00000004, sa_flags=0x10000004
SIGHUP: [libjvm.so+0x7410b0], sa_mask[0]=0x7ffbfeff, sa_flags=0x10000004
SIGINT: [libjvm.so+0x7410b0], sa_mask[0]=0x7ffbfeff, sa_flags=0x10000004
SIGTERM: [libjvm.so+0x7410b0], sa_mask[0]=0x7ffbfeff, sa_flags=0x10000004
SIGQUIT: [libjvm.so+0x7410b0], sa_mask[0]=0x7ffbfeff, sa_flags=0x10000004


---------------  S Y S T E M  ---------------

OS:wheezy/sid

uname:Linux 3.5.0-37-generic #58~precise1-Ubuntu SMP Wed Jul 10 17:48:11 UTC 2013 x86_64
libc:glibc 2.15 NPTL 2.15 
rlimit: STACK 8192k, CORE 0k, NPROC 30031, NOFILE 4096, AS infinity
load average:0.86 0.61 0.66

/proc/meminfo:
MemTotal:        3862712 kB
MemFree:          767568 kB
Buffers:          115268 kB
Cached:          1437072 kB
SwapCached:            0 kB
Active:          1829008 kB
Inactive:        1084784 kB
Active(anon):    1363820 kB
Inactive(anon):   282160 kB
Active(file):     465188 kB
Inactive(file):   802624 kB
Unevictable:           0 kB
Mlocked:               0 kB
SwapTotal:       7999484 kB
SwapFree:        7999484 kB
Dirty:              5448 kB
Writeback:             0 kB
AnonPages:       1361868 kB
Mapped:           205360 kB
Shmem:            284504 kB
Slab:              82464 kB
SReclaimable:      52984 kB
SUnreclaim:        29480 kB
KernelStack:        4784 kB
PageTables:        30808 kB
NFS_Unstable:          0 kB
Bounce:                0 kB
WritebackTmp:          0 kB
CommitLimit:     9930840 kB
Committed_AS:    4761412 kB
VmallocTotal:   34359738367 kB
VmallocUsed:      359180 kB
VmallocChunk:   34359368311 kB
HardwareCorrupted:     0 kB
AnonHugePages:         0 kB
HugePages_Total:       0
HugePages_Free:        0
HugePages_Rsvd:        0
HugePages_Surp:        0
Hugepagesize:       2048 kB
DirectMap4k:       59392 kB
DirectMap2M:     3977216 kB


CPU:total 4 (2 cores per cpu, 2 threads per core) family 6 model 42 stepping 7, cmov, cx8, fxsr, mmx, sse, sse2, sse3, ssse3, sse4.1, sse4.2, popcnt, avx, ht, tsc, tscinvbit

/proc/cpuinfo:
processor	: 0
vendor_id	: GenuineIntel
cpu family	: 6
model		: 42
model name	: Intel(R) Core(TM) i3-2348M CPU @ 2.30GHz
stepping	: 7
microcode	: 0x28
cpu MHz		: 2100.000
cache size	: 3072 KB
physical id	: 0
siblings	: 4
core id		: 0
cpu cores	: 2
apicid		: 0
initial apicid	: 0
fpu		: yes
fpu_exception	: yes
cpuid level	: 13
wp		: yes
flags		: fpu vme de pse tsc msr pae mce cx8 apic sep mtrr pge mca cmov pat pse36 clflush dts acpi mmx fxsr sse sse2 ss ht tm pbe syscall nx rdtscp lm constant_tsc arch_perfmon pebs bts rep_good nopl xtopology nonstop_tsc aperfmperf pni pclmulqdq dtes64 monitor ds_cpl vmx est tm2 ssse3 cx16 xtpr pdcm pcid sse4_1 sse4_2 x2apic popcnt tsc_deadline_timer xsave avx lahf_lm arat epb xsaveopt pln pts dtherm tpr_shadow vnmi flexpriority ept vpid
bogomips	: 4589.61
clflush size	: 64
cache_alignment	: 64
address sizes	: 36 bits physical, 48 bits virtual
power management:

processor	: 1
vendor_id	: GenuineIntel
cpu family	: 6
model		: 42
model name	: Intel(R) Core(TM) i3-2348M CPU @ 2.30GHz
stepping	: 7
microcode	: 0x28
cpu MHz		: 2300.000
cache size	: 3072 KB
physical id	: 0
siblings	: 4
core id		: 0
cpu cores	: 2
apicid		: 1
initial apicid	: 1
fpu		: yes
fpu_exception	: yes
cpuid level	: 13
wp		: yes
flags		: fpu vme de pse tsc msr pae mce cx8 apic sep mtrr pge mca cmov pat pse36 clflush dts acpi mmx fxsr sse sse2 ss ht tm pbe syscall nx rdtscp lm constant_tsc arch_perfmon pebs bts rep_good nopl xtopology nonstop_tsc aperfmperf pni pclmulqdq dtes64 monitor ds_cpl vmx est tm2 ssse3 cx16 xtpr pdcm pcid sse4_1 sse4_2 x2apic popcnt tsc_deadline_timer xsave avx lahf_lm arat epb xsaveopt pln pts dtherm tpr_shadow vnmi flexpriority ept vpid
bogomips	: 4589.61
clflush size	: 64
cache_alignment	: 64
address sizes	: 36 bits physical, 48 bits virtual
power management:

processor	: 2
vendor_id	: GenuineIntel
cpu family	: 6
model		: 42
model name	: Intel(R) Core(TM) i3-2348M CPU @ 2.30GHz
stepping	: 7
microcode	: 0x28
cpu MHz		: 800.000
cache size	: 3072 KB
physical id	: 0
siblings	: 4
core id		: 1
cpu cores	: 2
apicid		: 2
initial apicid	: 2
fpu		: yes
fpu_exception	: yes
cpuid level	: 13
wp		: yes
flags		: fpu vme de pse tsc msr pae mce cx8 apic sep mtrr pge mca cmov pat pse36 clflush dts acpi mmx fxsr sse sse2 ss ht tm pbe syscall nx rdtscp lm constant_tsc arch_perfmon pebs bts rep_good nopl xtopology nonstop_tsc aperfmperf pni pclmulqdq dtes64 monitor ds_cpl vmx est tm2 ssse3 cx16 xtpr pdcm pcid sse4_1 sse4_2 x2apic popcnt tsc_deadline_timer xsave avx lahf_lm arat epb xsaveopt pln pts dtherm tpr_shadow vnmi flexpriority ept vpid
bogomips	: 4589.61
clflush size	: 64
cache_alignment	: 64
address sizes	: 36 bits physical, 48 bits virtual
power management:

processor	: 3
vendor_id	: GenuineIntel
cpu family	: 6
model		: 42
model name	: Intel(R) Core(TM) i3-2348M CPU @ 2.30GHz
stepping	: 7
microcode	: 0x28
cpu MHz		: 800.000
cache size	: 3072 KB
physical id	: 0
siblings	: 4
core id		: 1
cpu cores	: 2
apicid		: 3
initial apicid	: 3
fpu		: yes
fpu_exception	: yes
cpuid level	: 13
wp		: yes
flags		: fpu vme de pse tsc msr pae mce cx8 apic sep mtrr pge mca cmov pat pse36 clflush dts acpi mmx fxsr sse sse2 ss ht tm pbe syscall nx rdtscp lm constant_tsc arch_perfmon pebs bts rep_good nopl xtopology nonstop_tsc aperfmperf pni pclmulqdq dtes64 monitor ds_cpl vmx est tm2 ssse3 cx16 xtpr pdcm pcid sse4_1 sse4_2 x2apic popcnt tsc_deadline_timer xsave avx lahf_lm arat epb xsaveopt pln pts dtherm tpr_shadow vnmi flexpriority ept vpid
bogomips	: 4589.61
clflush size	: 64
cache_alignment	: 64
address sizes	: 36 bits physical, 48 bits virtual
power management:



Memory: 4k page, physical 3862712k(767320k free), swap 7999484k(7999484k free)

vm_info: Java HotSpot(TM) 64-Bit Server VM (23.25-b01) for linux-amd64 JRE (1.7.0_25-b15), built on Jun  5 2013 20:48:36 by "java_re" with gcc 4.3.0 20080428 (Red Hat 4.3.0-8)

time: Wed Oct  9 17:04:10 2013
elapsed time: 289 seconds

